Not searching for unused variables given on the command line.
[36m--[0m Using CATKIN_DEVEL_PREFIX: /tiago_public_ws/devel/.private/pal_navigation_msgs
[36m--[0m Using CMAKE_PREFIX_PATH: /tiago_public_ws/devel;/opt/ros/melodic
[36m--[0m This workspace overlays: /tiago_public_ws/devel;/opt/ros/melodic
[36m--[0m Using PYTHON_EXECUTABLE: /usr/bin/python2
[36m--[0m Using Debian Python package layout
[36m--[0m Using empy: /usr/bin/empy
[36m--[0m Using CATKIN_ENABLE_TESTING: 0
[36m--[0m catkin 0.7.29
[36m--[0m BUILD_SHARED_LIBS is on
[36m--[0m Using these message generators: gencpp;geneus;genlisp;gennodejs;genpy
[36m--[0m Generating .msg files for action pal_navigation_msgs/JoyPriority /tiago_public_ws/src/pal_msgs/pal_navigation_msgs/action/JoyPriority.action
[36m--[0m Generating .msg files for action pal_navigation_msgs/JoyTurbo /tiago_public_ws/src/pal_msgs/pal_navigation_msgs/action/JoyTurbo.action
[36m--[0m Generating .msg files for action pal_navigation_msgs/GoToPOI /tiago_public_ws/src/pal_msgs/pal_navigation_msgs/action/GoToPOI.action
[36m--[0m Generating .msg files for action pal_navigation_msgs/GoTo /tiago_public_ws/src/pal_msgs/pal_navigation_msgs/action/GoTo.action
[36m--[0m Generating .msg files for action pal_navigation_msgs/VisualTraining /tiago_public_ws/src/pal_msgs/pal_navigation_msgs/action/VisualTraining.action
[36m--[0m pal_navigation_msgs: 50 messages, 16 services
[36m--[0m Configuring done
[36m--[0m Generating done
[36m--[0m Build files have been written to: /tiago_public_ws/build/pal_navigation_msgs
