Linked: (/tiago_public_ws/devel/.private/humanoid_nav_msgs/lib/pkgconfig/humanoid_nav_msgs.pc, /tiago_public_ws/devel/lib/pkgconfig/humanoid_nav_msgs.pc)
Linked: (/tiago_public_ws/devel/.private/humanoid_nav_msgs/lib/python2.7/dist-packages/humanoid_nav_msgs/__init__.py, /tiago_public_ws/devel/lib/python2.7/dist-packages/humanoid_nav_msgs/__init__.py)
Linked: (/tiago_public_ws/devel/.private/humanoid_nav_msgs/lib/python2.7/dist-packages/humanoid_nav_msgs/msg/_ExecFootstepsFeedback.py, /tiago_public_ws/devel/lib/python2.7/dist-packages/humanoid_nav_msgs/msg/_ExecFootstepsFeedback.py)
Linked: (/tiago_public_ws/devel/.private/humanoid_nav_msgs/lib/python2.7/dist-packages/humanoid_nav_msgs/msg/_ExecFootstepsActionResult.py, /tiago_public_ws/devel/lib/python2.7/dist-packages/humanoid_nav_msgs/msg/_ExecFootstepsActionResult.py)
Linked: (/tiago_public_ws/devel/.private/humanoid_nav_msgs/lib/python2.7/dist-packages/humanoid_nav_msgs/msg/_ExecFootstepsActionFeedback.py, /tiago_public_ws/devel/lib/python2.7/dist-packages/humanoid_nav_msgs/msg/_ExecFootstepsActionFeedback.py)
Linked: (/tiago_public_ws/devel/.private/humanoid_nav_msgs/lib/python2.7/dist-packages/humanoid_nav_msgs/msg/_StepTarget.py, /tiago_public_ws/devel/lib/python2.7/dist-packages/humanoid_nav_msgs/msg/_StepTarget.py)
Linked: (/tiago_public_ws/devel/.private/humanoid_nav_msgs/lib/python2.7/dist-packages/humanoid_nav_msgs/msg/_ExecFootstepsResult.py, /tiago_public_ws/devel/lib/python2.7/dist-packages/humanoid_nav_msgs/msg/_ExecFootstepsResult.py)
Linked: (/tiago_public_ws/devel/.private/humanoid_nav_msgs/lib/python2.7/dist-packages/humanoid_nav_msgs/msg/_ExecFootstepsActionGoal.py, /tiago_public_ws/devel/lib/python2.7/dist-packages/humanoid_nav_msgs/msg/_ExecFootstepsActionGoal.py)
Linked: (/tiago_public_ws/devel/.private/humanoid_nav_msgs/lib/python2.7/dist-packages/humanoid_nav_msgs/msg/_ExecFootstepsAction.py, /tiago_public_ws/devel/lib/python2.7/dist-packages/humanoid_nav_msgs/msg/_ExecFootstepsAction.py)
Linked: (/tiago_public_ws/devel/.private/humanoid_nav_msgs/lib/python2.7/dist-packages/humanoid_nav_msgs/msg/_ExecFootstepsGoal.py, /tiago_public_ws/devel/lib/python2.7/dist-packages/humanoid_nav_msgs/msg/_ExecFootstepsGoal.py)
Linked: (/tiago_public_ws/devel/.private/humanoid_nav_msgs/lib/python2.7/dist-packages/humanoid_nav_msgs/msg/__init__.py, /tiago_public_ws/devel/lib/python2.7/dist-packages/humanoid_nav_msgs/msg/__init__.py)
Linked: (/tiago_public_ws/devel/.private/humanoid_nav_msgs/lib/python2.7/dist-packages/humanoid_nav_msgs/srv/_ClipFootstep.py, /tiago_public_ws/devel/lib/python2.7/dist-packages/humanoid_nav_msgs/srv/_ClipFootstep.py)
Linked: (/tiago_public_ws/devel/.private/humanoid_nav_msgs/lib/python2.7/dist-packages/humanoid_nav_msgs/srv/_PlanFootsteps.py, /tiago_public_ws/devel/lib/python2.7/dist-packages/humanoid_nav_msgs/srv/_PlanFootsteps.py)
Linked: (/tiago_public_ws/devel/.private/humanoid_nav_msgs/lib/python2.7/dist-packages/humanoid_nav_msgs/srv/_StepTargetService.py, /tiago_public_ws/devel/lib/python2.7/dist-packages/humanoid_nav_msgs/srv/_StepTargetService.py)
Linked: (/tiago_public_ws/devel/.private/humanoid_nav_msgs/lib/python2.7/dist-packages/humanoid_nav_msgs/srv/__init__.py, /tiago_public_ws/devel/lib/python2.7/dist-packages/humanoid_nav_msgs/srv/__init__.py)
Linked: (/tiago_public_ws/devel/.private/humanoid_nav_msgs/lib/python2.7/dist-packages/humanoid_nav_msgs/srv/_PlanFootstepsBetweenFeet.py, /tiago_public_ws/devel/lib/python2.7/dist-packages/humanoid_nav_msgs/srv/_PlanFootstepsBetweenFeet.py)
Linked: (/tiago_public_ws/devel/.private/humanoid_nav_msgs/include/humanoid_nav_msgs/PlanFootstepsResponse.h, /tiago_public_ws/devel/include/humanoid_nav_msgs/PlanFootstepsResponse.h)
Linked: (/tiago_public_ws/devel/.private/humanoid_nav_msgs/include/humanoid_nav_msgs/PlanFootstepsBetweenFeet.h, /tiago_public_ws/devel/include/humanoid_nav_msgs/PlanFootstepsBetweenFeet.h)
Linked: (/tiago_public_ws/devel/.private/humanoid_nav_msgs/include/humanoid_nav_msgs/StepTargetService.h, /tiago_public_ws/devel/include/humanoid_nav_msgs/StepTargetService.h)
Linked: (/tiago_public_ws/devel/.private/humanoid_nav_msgs/include/humanoid_nav_msgs/ClipFootstep.h, /tiago_public_ws/devel/include/humanoid_nav_msgs/ClipFootstep.h)
Linked: (/tiago_public_ws/devel/.private/humanoid_nav_msgs/include/humanoid_nav_msgs/StepTargetServiceRequest.h, /tiago_public_ws/devel/include/humanoid_nav_msgs/StepTargetServiceRequest.h)
Linked: (/tiago_public_ws/devel/.private/humanoid_nav_msgs/include/humanoid_nav_msgs/ExecFootstepsActionFeedback.h, /tiago_public_ws/devel/include/humanoid_nav_msgs/ExecFootstepsActionFeedback.h)
Linked: (/tiago_public_ws/devel/.private/humanoid_nav_msgs/include/humanoid_nav_msgs/ExecFootstepsActionResult.h, /tiago_public_ws/devel/include/humanoid_nav_msgs/ExecFootstepsActionResult.h)
Linked: (/tiago_public_ws/devel/.private/humanoid_nav_msgs/include/humanoid_nav_msgs/ExecFootstepsFeedback.h, /tiago_public_ws/devel/include/humanoid_nav_msgs/ExecFootstepsFeedback.h)
Linked: (/tiago_public_ws/devel/.private/humanoid_nav_msgs/include/humanoid_nav_msgs/ClipFootstepResponse.h, /tiago_public_ws/devel/include/humanoid_nav_msgs/ClipFootstepResponse.h)
Linked: (/tiago_public_ws/devel/.private/humanoid_nav_msgs/include/humanoid_nav_msgs/ExecFootstepsGoal.h, /tiago_public_ws/devel/include/humanoid_nav_msgs/ExecFootstepsGoal.h)
Linked: (/tiago_public_ws/devel/.private/humanoid_nav_msgs/include/humanoid_nav_msgs/PlanFootsteps.h, /tiago_public_ws/devel/include/humanoid_nav_msgs/PlanFootsteps.h)
Linked: (/tiago_public_ws/devel/.private/humanoid_nav_msgs/include/humanoid_nav_msgs/ExecFootstepsAction.h, /tiago_public_ws/devel/include/humanoid_nav_msgs/ExecFootstepsAction.h)
Linked: (/tiago_public_ws/devel/.private/humanoid_nav_msgs/include/humanoid_nav_msgs/ExecFootstepsResult.h, /tiago_public_ws/devel/include/humanoid_nav_msgs/ExecFootstepsResult.h)
Linked: (/tiago_public_ws/devel/.private/humanoid_nav_msgs/include/humanoid_nav_msgs/PlanFootstepsBetweenFeetRequest.h, /tiago_public_ws/devel/include/humanoid_nav_msgs/PlanFootstepsBetweenFeetRequest.h)
Linked: (/tiago_public_ws/devel/.private/humanoid_nav_msgs/include/humanoid_nav_msgs/StepTargetServiceResponse.h, /tiago_public_ws/devel/include/humanoid_nav_msgs/StepTargetServiceResponse.h)
Linked: (/tiago_public_ws/devel/.private/humanoid_nav_msgs/include/humanoid_nav_msgs/PlanFootstepsBetweenFeetResponse.h, /tiago_public_ws/devel/include/humanoid_nav_msgs/PlanFootstepsBetweenFeetResponse.h)
Linked: (/tiago_public_ws/devel/.private/humanoid_nav_msgs/include/humanoid_nav_msgs/ExecFootstepsActionGoal.h, /tiago_public_ws/devel/include/humanoid_nav_msgs/ExecFootstepsActionGoal.h)
Linked: (/tiago_public_ws/devel/.private/humanoid_nav_msgs/include/humanoid_nav_msgs/PlanFootstepsRequest.h, /tiago_public_ws/devel/include/humanoid_nav_msgs/PlanFootstepsRequest.h)
Linked: (/tiago_public_ws/devel/.private/humanoid_nav_msgs/include/humanoid_nav_msgs/StepTarget.h, /tiago_public_ws/devel/include/humanoid_nav_msgs/StepTarget.h)
Linked: (/tiago_public_ws/devel/.private/humanoid_nav_msgs/include/humanoid_nav_msgs/ClipFootstepRequest.h, /tiago_public_ws/devel/include/humanoid_nav_msgs/ClipFootstepRequest.h)
Linked: (/tiago_public_ws/devel/.private/humanoid_nav_msgs/share/gennodejs/ros/humanoid_nav_msgs/_index.js, /tiago_public_ws/devel/share/gennodejs/ros/humanoid_nav_msgs/_index.js)
Linked: (/tiago_public_ws/devel/.private/humanoid_nav_msgs/share/gennodejs/ros/humanoid_nav_msgs/msg/ExecFootstepsActionFeedback.js, /tiago_public_ws/devel/share/gennodejs/ros/humanoid_nav_msgs/msg/ExecFootstepsActionFeedback.js)
Linked: (/tiago_public_ws/devel/.private/humanoid_nav_msgs/share/gennodejs/ros/humanoid_nav_msgs/msg/ExecFootstepsGoal.js, /tiago_public_ws/devel/share/gennodejs/ros/humanoid_nav_msgs/msg/ExecFootstepsGoal.js)
Linked: (/tiago_public_ws/devel/.private/humanoid_nav_msgs/share/gennodejs/ros/humanoid_nav_msgs/msg/ExecFootstepsAction.js, /tiago_public_ws/devel/share/gennodejs/ros/humanoid_nav_msgs/msg/ExecFootstepsAction.js)
Linked: (/tiago_public_ws/devel/.private/humanoid_nav_msgs/share/gennodejs/ros/humanoid_nav_msgs/msg/ExecFootstepsResult.js, /tiago_public_ws/devel/share/gennodejs/ros/humanoid_nav_msgs/msg/ExecFootstepsResult.js)
Linked: (/tiago_public_ws/devel/.private/humanoid_nav_msgs/share/gennodejs/ros/humanoid_nav_msgs/msg/ExecFootstepsActionResult.js, /tiago_public_ws/devel/share/gennodejs/ros/humanoid_nav_msgs/msg/ExecFootstepsActionResult.js)
Linked: (/tiago_public_ws/devel/.private/humanoid_nav_msgs/share/gennodejs/ros/humanoid_nav_msgs/msg/_index.js, /tiago_public_ws/devel/share/gennodejs/ros/humanoid_nav_msgs/msg/_index.js)
Linked: (/tiago_public_ws/devel/.private/humanoid_nav_msgs/share/gennodejs/ros/humanoid_nav_msgs/msg/ExecFootstepsActionGoal.js, /tiago_public_ws/devel/share/gennodejs/ros/humanoid_nav_msgs/msg/ExecFootstepsActionGoal.js)
Linked: (/tiago_public_ws/devel/.private/humanoid_nav_msgs/share/gennodejs/ros/humanoid_nav_msgs/msg/StepTarget.js, /tiago_public_ws/devel/share/gennodejs/ros/humanoid_nav_msgs/msg/StepTarget.js)
Linked: (/tiago_public_ws/devel/.private/humanoid_nav_msgs/share/gennodejs/ros/humanoid_nav_msgs/msg/ExecFootstepsFeedback.js, /tiago_public_ws/devel/share/gennodejs/ros/humanoid_nav_msgs/msg/ExecFootstepsFeedback.js)
Linked: (/tiago_public_ws/devel/.private/humanoid_nav_msgs/share/gennodejs/ros/humanoid_nav_msgs/srv/ClipFootstep.js, /tiago_public_ws/devel/share/gennodejs/ros/humanoid_nav_msgs/srv/ClipFootstep.js)
Linked: (/tiago_public_ws/devel/.private/humanoid_nav_msgs/share/gennodejs/ros/humanoid_nav_msgs/srv/PlanFootstepsBetweenFeet.js, /tiago_public_ws/devel/share/gennodejs/ros/humanoid_nav_msgs/srv/PlanFootstepsBetweenFeet.js)
Linked: (/tiago_public_ws/devel/.private/humanoid_nav_msgs/share/gennodejs/ros/humanoid_nav_msgs/srv/_index.js, /tiago_public_ws/devel/share/gennodejs/ros/humanoid_nav_msgs/srv/_index.js)
Linked: (/tiago_public_ws/devel/.private/humanoid_nav_msgs/share/gennodejs/ros/humanoid_nav_msgs/srv/PlanFootsteps.js, /tiago_public_ws/devel/share/gennodejs/ros/humanoid_nav_msgs/srv/PlanFootsteps.js)
Linked: (/tiago_public_ws/devel/.private/humanoid_nav_msgs/share/gennodejs/ros/humanoid_nav_msgs/srv/StepTargetService.js, /tiago_public_ws/devel/share/gennodejs/ros/humanoid_nav_msgs/srv/StepTargetService.js)
Linked: (/tiago_public_ws/devel/.private/humanoid_nav_msgs/share/humanoid_nav_msgs/msg/ExecFootstepsActionResult.msg, /tiago_public_ws/devel/share/humanoid_nav_msgs/msg/ExecFootstepsActionResult.msg)
Linked: (/tiago_public_ws/devel/.private/humanoid_nav_msgs/share/humanoid_nav_msgs/msg/ExecFootstepsResult.msg, /tiago_public_ws/devel/share/humanoid_nav_msgs/msg/ExecFootstepsResult.msg)
Linked: (/tiago_public_ws/devel/.private/humanoid_nav_msgs/share/humanoid_nav_msgs/msg/ExecFootstepsFeedback.msg, /tiago_public_ws/devel/share/humanoid_nav_msgs/msg/ExecFootstepsFeedback.msg)
Linked: (/tiago_public_ws/devel/.private/humanoid_nav_msgs/share/humanoid_nav_msgs/msg/ExecFootstepsAction.msg, /tiago_public_ws/devel/share/humanoid_nav_msgs/msg/ExecFootstepsAction.msg)
Linked: (/tiago_public_ws/devel/.private/humanoid_nav_msgs/share/humanoid_nav_msgs/msg/ExecFootstepsActionFeedback.msg, /tiago_public_ws/devel/share/humanoid_nav_msgs/msg/ExecFootstepsActionFeedback.msg)
Linked: (/tiago_public_ws/devel/.private/humanoid_nav_msgs/share/humanoid_nav_msgs/msg/ExecFootstepsActionGoal.msg, /tiago_public_ws/devel/share/humanoid_nav_msgs/msg/ExecFootstepsActionGoal.msg)
Linked: (/tiago_public_ws/devel/.private/humanoid_nav_msgs/share/humanoid_nav_msgs/msg/ExecFootstepsGoal.msg, /tiago_public_ws/devel/share/humanoid_nav_msgs/msg/ExecFootstepsGoal.msg)
Linked: (/tiago_public_ws/devel/.private/humanoid_nav_msgs/share/humanoid_nav_msgs/cmake/humanoid_nav_msgsConfig.cmake, /tiago_public_ws/devel/share/humanoid_nav_msgs/cmake/humanoid_nav_msgsConfig.cmake)
Linked: (/tiago_public_ws/devel/.private/humanoid_nav_msgs/share/humanoid_nav_msgs/cmake/humanoid_nav_msgs-msg-paths.cmake, /tiago_public_ws/devel/share/humanoid_nav_msgs/cmake/humanoid_nav_msgs-msg-paths.cmake)
Linked: (/tiago_public_ws/devel/.private/humanoid_nav_msgs/share/humanoid_nav_msgs/cmake/humanoid_nav_msgs-msg-extras.cmake, /tiago_public_ws/devel/share/humanoid_nav_msgs/cmake/humanoid_nav_msgs-msg-extras.cmake)
Linked: (/tiago_public_ws/devel/.private/humanoid_nav_msgs/share/humanoid_nav_msgs/cmake/humanoid_nav_msgsConfig-version.cmake, /tiago_public_ws/devel/share/humanoid_nav_msgs/cmake/humanoid_nav_msgsConfig-version.cmake)
Linked: (/tiago_public_ws/devel/.private/humanoid_nav_msgs/share/roseus/ros/humanoid_nav_msgs/manifest.l, /tiago_public_ws/devel/share/roseus/ros/humanoid_nav_msgs/manifest.l)
Linked: (/tiago_public_ws/devel/.private/humanoid_nav_msgs/share/roseus/ros/humanoid_nav_msgs/msg/ExecFootstepsActionGoal.l, /tiago_public_ws/devel/share/roseus/ros/humanoid_nav_msgs/msg/ExecFootstepsActionGoal.l)
Linked: (/tiago_public_ws/devel/.private/humanoid_nav_msgs/share/roseus/ros/humanoid_nav_msgs/msg/ExecFootstepsActionResult.l, /tiago_public_ws/devel/share/roseus/ros/humanoid_nav_msgs/msg/ExecFootstepsActionResult.l)
Linked: (/tiago_public_ws/devel/.private/humanoid_nav_msgs/share/roseus/ros/humanoid_nav_msgs/msg/ExecFootstepsGoal.l, /tiago_public_ws/devel/share/roseus/ros/humanoid_nav_msgs/msg/ExecFootstepsGoal.l)
Linked: (/tiago_public_ws/devel/.private/humanoid_nav_msgs/share/roseus/ros/humanoid_nav_msgs/msg/ExecFootstepsResult.l, /tiago_public_ws/devel/share/roseus/ros/humanoid_nav_msgs/msg/ExecFootstepsResult.l)
Linked: (/tiago_public_ws/devel/.private/humanoid_nav_msgs/share/roseus/ros/humanoid_nav_msgs/msg/ExecFootstepsAction.l, /tiago_public_ws/devel/share/roseus/ros/humanoid_nav_msgs/msg/ExecFootstepsAction.l)
Linked: (/tiago_public_ws/devel/.private/humanoid_nav_msgs/share/roseus/ros/humanoid_nav_msgs/msg/StepTarget.l, /tiago_public_ws/devel/share/roseus/ros/humanoid_nav_msgs/msg/StepTarget.l)
Linked: (/tiago_public_ws/devel/.private/humanoid_nav_msgs/share/roseus/ros/humanoid_nav_msgs/msg/ExecFootstepsActionFeedback.l, /tiago_public_ws/devel/share/roseus/ros/humanoid_nav_msgs/msg/ExecFootstepsActionFeedback.l)
Linked: (/tiago_public_ws/devel/.private/humanoid_nav_msgs/share/roseus/ros/humanoid_nav_msgs/msg/ExecFootstepsFeedback.l, /tiago_public_ws/devel/share/roseus/ros/humanoid_nav_msgs/msg/ExecFootstepsFeedback.l)
Linked: (/tiago_public_ws/devel/.private/humanoid_nav_msgs/share/roseus/ros/humanoid_nav_msgs/srv/PlanFootsteps.l, /tiago_public_ws/devel/share/roseus/ros/humanoid_nav_msgs/srv/PlanFootsteps.l)
Linked: (/tiago_public_ws/devel/.private/humanoid_nav_msgs/share/roseus/ros/humanoid_nav_msgs/srv/StepTargetService.l, /tiago_public_ws/devel/share/roseus/ros/humanoid_nav_msgs/srv/StepTargetService.l)
Linked: (/tiago_public_ws/devel/.private/humanoid_nav_msgs/share/roseus/ros/humanoid_nav_msgs/srv/PlanFootstepsBetweenFeet.l, /tiago_public_ws/devel/share/roseus/ros/humanoid_nav_msgs/srv/PlanFootstepsBetweenFeet.l)
Linked: (/tiago_public_ws/devel/.private/humanoid_nav_msgs/share/roseus/ros/humanoid_nav_msgs/srv/ClipFootstep.l, /tiago_public_ws/devel/share/roseus/ros/humanoid_nav_msgs/srv/ClipFootstep.l)
Linked: (/tiago_public_ws/devel/.private/humanoid_nav_msgs/share/common-lisp/ros/humanoid_nav_msgs/msg/_package_ExecFootstepsActionFeedback.lisp, /tiago_public_ws/devel/share/common-lisp/ros/humanoid_nav_msgs/msg/_package_ExecFootstepsActionFeedback.lisp)
Linked: (/tiago_public_ws/devel/.private/humanoid_nav_msgs/share/common-lisp/ros/humanoid_nav_msgs/msg/_package_ExecFootstepsAction.lisp, /tiago_public_ws/devel/share/common-lisp/ros/humanoid_nav_msgs/msg/_package_ExecFootstepsAction.lisp)
Linked: (/tiago_public_ws/devel/.private/humanoid_nav_msgs/share/common-lisp/ros/humanoid_nav_msgs/msg/ExecFootstepsResult.lisp, /tiago_public_ws/devel/share/common-lisp/ros/humanoid_nav_msgs/msg/ExecFootstepsResult.lisp)
Linked: (/tiago_public_ws/devel/.private/humanoid_nav_msgs/share/common-lisp/ros/humanoid_nav_msgs/msg/_package.lisp, /tiago_public_ws/devel/share/common-lisp/ros/humanoid_nav_msgs/msg/_package.lisp)
Linked: (/tiago_public_ws/devel/.private/humanoid_nav_msgs/share/common-lisp/ros/humanoid_nav_msgs/msg/_package_ExecFootstepsFeedback.lisp, /tiago_public_ws/devel/share/common-lisp/ros/humanoid_nav_msgs/msg/_package_ExecFootstepsFeedback.lisp)
Linked: (/tiago_public_ws/devel/.private/humanoid_nav_msgs/share/common-lisp/ros/humanoid_nav_msgs/msg/ExecFootstepsActionGoal.lisp, /tiago_public_ws/devel/share/common-lisp/ros/humanoid_nav_msgs/msg/ExecFootstepsActionGoal.lisp)
Linked: (/tiago_public_ws/devel/.private/humanoid_nav_msgs/share/common-lisp/ros/humanoid_nav_msgs/msg/_package_ExecFootstepsResult.lisp, /tiago_public_ws/devel/share/common-lisp/ros/humanoid_nav_msgs/msg/_package_ExecFootstepsResult.lisp)
Linked: (/tiago_public_ws/devel/.private/humanoid_nav_msgs/share/common-lisp/ros/humanoid_nav_msgs/msg/ExecFootstepsAction.lisp, /tiago_public_ws/devel/share/common-lisp/ros/humanoid_nav_msgs/msg/ExecFootstepsAction.lisp)
Linked: (/tiago_public_ws/devel/.private/humanoid_nav_msgs/share/common-lisp/ros/humanoid_nav_msgs/msg/ExecFootstepsGoal.lisp, /tiago_public_ws/devel/share/common-lisp/ros/humanoid_nav_msgs/msg/ExecFootstepsGoal.lisp)
Linked: (/tiago_public_ws/devel/.private/humanoid_nav_msgs/share/common-lisp/ros/humanoid_nav_msgs/msg/_package_ExecFootstepsActionResult.lisp, /tiago_public_ws/devel/share/common-lisp/ros/humanoid_nav_msgs/msg/_package_ExecFootstepsActionResult.lisp)
Linked: (/tiago_public_ws/devel/.private/humanoid_nav_msgs/share/common-lisp/ros/humanoid_nav_msgs/msg/StepTarget.lisp, /tiago_public_ws/devel/share/common-lisp/ros/humanoid_nav_msgs/msg/StepTarget.lisp)
Linked: (/tiago_public_ws/devel/.private/humanoid_nav_msgs/share/common-lisp/ros/humanoid_nav_msgs/msg/_package_ExecFootstepsActionGoal.lisp, /tiago_public_ws/devel/share/common-lisp/ros/humanoid_nav_msgs/msg/_package_ExecFootstepsActionGoal.lisp)
Linked: (/tiago_public_ws/devel/.private/humanoid_nav_msgs/share/common-lisp/ros/humanoid_nav_msgs/msg/_package_StepTarget.lisp, /tiago_public_ws/devel/share/common-lisp/ros/humanoid_nav_msgs/msg/_package_StepTarget.lisp)
Linked: (/tiago_public_ws/devel/.private/humanoid_nav_msgs/share/common-lisp/ros/humanoid_nav_msgs/msg/_package_ExecFootstepsGoal.lisp, /tiago_public_ws/devel/share/common-lisp/ros/humanoid_nav_msgs/msg/_package_ExecFootstepsGoal.lisp)
Linked: (/tiago_public_ws/devel/.private/humanoid_nav_msgs/share/common-lisp/ros/humanoid_nav_msgs/msg/humanoid_nav_msgs-msg.asd, /tiago_public_ws/devel/share/common-lisp/ros/humanoid_nav_msgs/msg/humanoid_nav_msgs-msg.asd)
Linked: (/tiago_public_ws/devel/.private/humanoid_nav_msgs/share/common-lisp/ros/humanoid_nav_msgs/msg/ExecFootstepsActionResult.lisp, /tiago_public_ws/devel/share/common-lisp/ros/humanoid_nav_msgs/msg/ExecFootstepsActionResult.lisp)
Linked: (/tiago_public_ws/devel/.private/humanoid_nav_msgs/share/common-lisp/ros/humanoid_nav_msgs/msg/ExecFootstepsActionFeedback.lisp, /tiago_public_ws/devel/share/common-lisp/ros/humanoid_nav_msgs/msg/ExecFootstepsActionFeedback.lisp)
Linked: (/tiago_public_ws/devel/.private/humanoid_nav_msgs/share/common-lisp/ros/humanoid_nav_msgs/msg/ExecFootstepsFeedback.lisp, /tiago_public_ws/devel/share/common-lisp/ros/humanoid_nav_msgs/msg/ExecFootstepsFeedback.lisp)
Linked: (/tiago_public_ws/devel/.private/humanoid_nav_msgs/share/common-lisp/ros/humanoid_nav_msgs/srv/ClipFootstep.lisp, /tiago_public_ws/devel/share/common-lisp/ros/humanoid_nav_msgs/srv/ClipFootstep.lisp)
Linked: (/tiago_public_ws/devel/.private/humanoid_nav_msgs/share/common-lisp/ros/humanoid_nav_msgs/srv/humanoid_nav_msgs-srv.asd, /tiago_public_ws/devel/share/common-lisp/ros/humanoid_nav_msgs/srv/humanoid_nav_msgs-srv.asd)
Linked: (/tiago_public_ws/devel/.private/humanoid_nav_msgs/share/common-lisp/ros/humanoid_nav_msgs/srv/PlanFootstepsBetweenFeet.lisp, /tiago_public_ws/devel/share/common-lisp/ros/humanoid_nav_msgs/srv/PlanFootstepsBetweenFeet.lisp)
Linked: (/tiago_public_ws/devel/.private/humanoid_nav_msgs/share/common-lisp/ros/humanoid_nav_msgs/srv/_package.lisp, /tiago_public_ws/devel/share/common-lisp/ros/humanoid_nav_msgs/srv/_package.lisp)
Linked: (/tiago_public_ws/devel/.private/humanoid_nav_msgs/share/common-lisp/ros/humanoid_nav_msgs/srv/_package_PlanFootsteps.lisp, /tiago_public_ws/devel/share/common-lisp/ros/humanoid_nav_msgs/srv/_package_PlanFootsteps.lisp)
Linked: (/tiago_public_ws/devel/.private/humanoid_nav_msgs/share/common-lisp/ros/humanoid_nav_msgs/srv/_package_StepTargetService.lisp, /tiago_public_ws/devel/share/common-lisp/ros/humanoid_nav_msgs/srv/_package_StepTargetService.lisp)
Linked: (/tiago_public_ws/devel/.private/humanoid_nav_msgs/share/common-lisp/ros/humanoid_nav_msgs/srv/PlanFootsteps.lisp, /tiago_public_ws/devel/share/common-lisp/ros/humanoid_nav_msgs/srv/PlanFootsteps.lisp)
Linked: (/tiago_public_ws/devel/.private/humanoid_nav_msgs/share/common-lisp/ros/humanoid_nav_msgs/srv/_package_ClipFootstep.lisp, /tiago_public_ws/devel/share/common-lisp/ros/humanoid_nav_msgs/srv/_package_ClipFootstep.lisp)
Linked: (/tiago_public_ws/devel/.private/humanoid_nav_msgs/share/common-lisp/ros/humanoid_nav_msgs/srv/_package_PlanFootstepsBetweenFeet.lisp, /tiago_public_ws/devel/share/common-lisp/ros/humanoid_nav_msgs/srv/_package_PlanFootstepsBetweenFeet.lisp)
Linked: (/tiago_public_ws/devel/.private/humanoid_nav_msgs/share/common-lisp/ros/humanoid_nav_msgs/srv/StepTargetService.lisp, /tiago_public_ws/devel/share/common-lisp/ros/humanoid_nav_msgs/srv/StepTargetService.lisp)
