[  0%] Built target actionlib_msgs_generate_messages_lisp
[  0%] Built target geometry_msgs_generate_messages_py
[  0%] Built target actionlib_msgs_generate_messages_py
[  0%] Built target geometry_msgs_generate_messages_lisp
[  0%] Built target actionlib_msgs_generate_messages_nodejs
[  0%] Built target geometry_msgs_generate_messages_nodejs
[  0%] Built target geometry_msgs_generate_messages_cpp
[  0%] Built target geometry_msgs_generate_messages_eus
[  0%] Built target actionlib_msgs_generate_messages_cpp
[  0%] Built target actionlib_msgs_generate_messages_eus
[  0%] Built target _tiago_pick_demo_generate_messages_check_deps_PickUpPoseActionFeedback
[  2%] [34m[1mGenerating dynamic reconfigure files from cfg/SphericalGrasp.cfg: /tiago_public_ws/devel/.private/tiago_pick_demo/include/tiago_pick_demo/SphericalGraspConfig.h /tiago_public_ws/devel/.private/tiago_pick_demo/lib/python2.7/dist-packages/tiago_pick_demo/cfg/SphericalGraspConfig.py[0m
[  2%] Built target _tiago_pick_demo_generate_messages_check_deps_PickUpPoseFeedback
[  2%] Built target _tiago_pick_demo_generate_messages_check_deps_PickUpPoseGoal
[  2%] Built target _tiago_pick_demo_generate_messages_check_deps_PickUpPoseActionGoal
[  2%] Built target _tiago_pick_demo_generate_messages_check_deps_PickUpPoseActionResult
[  2%] Built target _tiago_pick_demo_generate_messages_check_deps_PickUpPoseResult
[  2%] Built target _tiago_pick_demo_generate_messages_check_deps_PickUpPoseAction
[ 78%] Built target tiago_pick_demo_generate_messages_lisp
[ 81%] Built target tiago_pick_demo_generate_messages_eus
[ 78%] Built target tiago_pick_demo_generate_messages_nodejs
[ 81%] Built target tiago_pick_demo_generate_messages_py
[100%] Built target tiago_pick_demo_generate_messages_cpp
[100%] Built target tiago_pick_demo_generate_messages
Generating reconfiguration files for SphericalGrasp in spherical_grasps_server
Wrote header file in /tiago_public_ws/devel/.private/tiago_pick_demo/include/tiago_pick_demo/SphericalGraspConfig.h
[100%] Built target tiago_pick_demo_gencfg
