[  1%] [32m[1mLinking CXX shared library /tiago_public_ws/devel/.private/gazebo_plugins/lib/libgazebo_ros_template.so[0m
[  2%] [32m[1mLinking CXX shared library /tiago_public_ws/devel/.private/gazebo_plugins/lib/libgazebo_ros_vacuum_gripper.so[0m
[  3%] [32m[1mLinking CXX shared library /tiago_public_ws/devel/.private/gazebo_plugins/lib/libgazebo_ros_range.so[0m
[  5%] [32m[1mLinking CXX shared library /tiago_public_ws/devel/.private/gazebo_plugins/lib/libgazebo_ros_ft_sensor.so[0m
[  6%] Built target gazebo_ros_template
[  7%] [32m[1mLinking CXX shared library /tiago_public_ws/devel/.private/gazebo_plugins/lib/libgazebo_ros_planar_move.so[0m
[  8%] [32m[1mLinking CXX shared library /tiago_public_ws/devel/.private/gazebo_plugins/lib/libgazebo_ros_video.so[0m
[ 10%] [32m[1mLinking CXX shared library /tiago_public_ws/devel/.private/gazebo_plugins/lib/libgazebo_ros_utils.so[0m
[ 11%] [32m[1mLinking CXX shared library /tiago_public_ws/devel/.private/gazebo_plugins/lib/libgazebo_ros_hand_of_god.so[0m
[ 12%] Built target gazebo_ros_range
[ 14%] Built target gazebo_ros_vacuum_gripper
[ 14%] Built target tf2_msgs_generate_messages_nodejs
[ 14%] Built target diagnostic_msgs_generate_messages_lisp
[ 14%] Built target diagnostic_msgs_generate_messages_nodejs
[ 14%] Built target diagnostic_msgs_generate_messages_eus
[ 14%] Built target polled_camera_generate_messages_py
[ 15%] Built target gazebo_ros_ft_sensor
[ 15%] Built target polled_camera_generate_messages_eus
[ 15%] Built target polled_camera_generate_messages_cpp
[ 15%] Built target dynamic_reconfigure_generate_messages_py
[ 15%] Built target dynamic_reconfigure_generate_messages_nodejs
[ 15%] Built target dynamic_reconfigure_generate_messages_eus
[ 15%] Built target geometry_msgs_generate_messages_eus
[ 15%] Built target roscpp_generate_messages_cpp
[ 15%] Built target actionlib_generate_messages_cpp
[ 15%] Built target sensor_msgs_generate_messages_nodejs
[ 16%] Built target gazebo_ros_planar_move
[ 16%] Built target std_srvs_generate_messages_py
[ 16%] Built target std_srvs_generate_messages_cpp
[ 16%] Built target geometry_msgs_generate_messages_py
[ 16%] Built target std_srvs_generate_messages_eus
[ 16%] Built target diagnostic_msgs_generate_messages_py
[ 16%] Built target roscpp_generate_messages_lisp
[ 16%] Built target gazebo_msgs_generate_messages_lisp
[ 16%] Built target bond_generate_messages_eus
[ 16%] Built target geometry_msgs_generate_messages_nodejs
[ 16%] Built target geometry_msgs_generate_messages_lisp
[ 16%] Built target dynamic_reconfigure_generate_messages_cpp
[ 16%] Built target tf_generate_messages_py
[ 16%] Built target std_srvs_generate_messages_nodejs
[ 16%] Built target nodelet_generate_messages_cpp
[ 16%] Built target bond_generate_messages_py
[ 16%] Built target actionlib_generate_messages_lisp
[ 16%] Built target geometry_msgs_generate_messages_cpp
[ 16%] Built target dynamic_reconfigure_generate_messages_lisp
[ 16%] Built target gazebo_msgs_generate_messages_cpp
[ 16%] Built target std_msgs_generate_messages_nodejs
[ 16%] Built target bond_generate_messages_lisp
[ 16%] Built target sensor_msgs_generate_messages_cpp
[ 16%] Built target roscpp_generate_messages_nodejs
[ 16%] Built target std_msgs_generate_messages_lisp
[ 16%] Built target sensor_msgs_generate_messages_eus
[ 16%] Built target trajectory_msgs_generate_messages_py
[ 16%] Built target std_msgs_generate_messages_eus
[ 16%] Built target gazebo_msgs_generate_messages_eus
[ 16%] Built target sensor_msgs_generate_messages_lisp
[ 16%] Built target gazebo_msgs_generate_messages_py
[ 16%] Built target nav_msgs_generate_messages_nodejs
[ 16%] Built target nav_msgs_generate_messages_cpp
[ 16%] Built target std_msgs_generate_messages_cpp
[ 16%] Built target sensor_msgs_generate_messages_py
[ 16%] Built target nodelet_generate_messages_py
[ 16%] Built target _catkin_empty_exported_target
[ 16%] Built target std_srvs_generate_messages_lisp
[ 16%] Built target polled_camera_generate_messages_lisp
[ 16%] Built target std_msgs_generate_messages_py
[ 16%] Built target trajectory_msgs_generate_messages_cpp
[ 16%] Built target trajectory_msgs_generate_messages_eus
[ 16%] Built target polled_camera_generate_messages_nodejs
[ 16%] Built target roscpp_generate_messages_py
[ 16%] Built target rosgraph_msgs_generate_messages_cpp
[ 16%] Built target rosgraph_msgs_generate_messages_eus
[ 16%] Built target gazebo_msgs_generate_messages_nodejs
[ 16%] Built target rosgraph_msgs_generate_messages_nodejs
[ 16%] Built target rosgraph_msgs_generate_messages_lisp
[ 17%] Built target gazebo_ros_utils
[ 17%] Built target nodelet_generate_messages_eus
[ 17%] Built target nodelet_generate_messages_lisp
[ 17%] Built target roscpp_generate_messages_eus
[ 17%] Built target rosgraph_msgs_generate_messages_py
[ 17%] Built target actionlib_msgs_generate_messages_eus
[ 17%] Built target trajectory_msgs_generate_messages_lisp
[ 17%] Built target nodelet_generate_messages_nodejs
[ 17%] Built target bond_generate_messages_cpp
[ 19%] Built target actionlib_msgs_generate_messages_cpp
[ 19%] Built target gazebo_ros_hand_of_god
[ 19%] Built target tf_generate_messages_eus
[ 19%] Built target bond_generate_messages_nodejs
[ 19%] Built target trajectory_msgs_generate_messages_nodejs
[ 19%] Built target nav_msgs_generate_messages_lisp
[ 19%] Built target actionlib_msgs_generate_messages_lisp
[ 19%] Built target actionlib_msgs_generate_messages_nodejs
[ 19%] Built target actionlib_msgs_generate_messages_py
[ 19%] Built target tf_generate_messages_lisp
[ 19%] Built target actionlib_generate_messages_eus
[ 19%] Built target tf_generate_messages_nodejs
[ 19%] Built target diagnostic_msgs_generate_messages_cpp
[ 19%] Built target tf_generate_messages_cpp
[ 19%] Built target actionlib_generate_messages_nodejs
[ 19%] Built target tf2_msgs_generate_messages_cpp
[ 19%] Built target nav_msgs_generate_messages_eus
[ 19%] Built target dynamic_reconfigure_gencfg
[ 19%] Built target tf2_msgs_generate_messages_eus
[ 19%] Built target tf2_msgs_generate_messages_lisp
[ 19%] Built target nav_msgs_generate_messages_py
[ 19%] Built target actionlib_generate_messages_py
[ 19%] Built target tf2_msgs_generate_messages_py
[ 20%] [32m[1mLinking CXX shared library /tiago_public_ws/devel/.private/gazebo_plugins/lib/libgazebo_ros_force.so[0m
[ 21%] [32m[1mLinking CXX shared library /tiago_public_ws/devel/.private/gazebo_plugins/lib/libgazebo_ros_projector.so[0m
[ 23%] [32m[1mLinking CXX shared library /tiago_public_ws/devel/.private/gazebo_plugins/lib/libgazebo_ros_imu.so[0m
[ 24%] [32m[1mLinking CXX shared library /tiago_public_ws/devel/.private/gazebo_plugins/lib/libgazebo_ros_block_laser.so[0m
[ 25%] [32m[1mLinking CXX shared library /tiago_public_ws/devel/.private/gazebo_plugins/lib/libMultiCameraPlugin.so[0m
[ 26%] [32m[1mLinking CXX shared library /tiago_public_ws/devel/.private/gazebo_plugins/lib/libgazebo_ros_laser.so[0m
[ 28%] Built target gazebo_ros_video
[ 29%] [32m[1mLinking CXX shared library /tiago_public_ws/devel/.private/gazebo_plugins/lib/libgazebo_ros_harness.so[0m
[ 30%] [32m[1mLinking CXX shared library /tiago_public_ws/devel/.private/gazebo_plugins/lib/libgazebo_ros_joint_pose_trajectory.so[0m
[ 32%] Built target MultiCameraPlugin
[ 33%] [32m[1mLinking CXX shared library /tiago_public_ws/devel/.private/gazebo_plugins/lib/libgazebo_ros_skid_steer_drive.so[0m
[ 34%] Built target gazebo_ros_force
[ 35%] [32m[1mLinking CXX shared library /tiago_public_ws/devel/.private/gazebo_plugins/lib/libgazebo_ros_imu_sensor.so[0m
[ 37%] Built target gazebo_ros_imu
[ 38%] Built target gazebo_ros_harness
[ 39%] Built target gazebo_ros_block_laser
[ 41%] [32m[1mLinking CXX shared library /tiago_public_ws/devel/.private/gazebo_plugins/lib/libgazebo_ros_tricycle_drive.so[0m
[ 42%] [32m[1mLinking CXX shared library /tiago_public_ws/devel/.private/gazebo_plugins/lib/libgazebo_ros_joint_trajectory.so[0m
[ 43%] [32m[1mLinking CXX shared library /tiago_public_ws/devel/.private/gazebo_plugins/lib/libgazebo_ros_f3d.so[0m
[ 44%] Built target gazebo_ros_projector
[ 47%] [32m[1mLinking CXX executable /tiago_public_ws/devel/.private/gazebo_plugins/lib/gazebo_plugins/pub_joint_trajectory_test[0m
[ 47%] Built target gazebo_ros_laser
[ 48%] [32m[1mLinking CXX shared library /tiago_public_ws/devel/.private/gazebo_plugins/lib/libgazebo_ros_p3d.so[0m
[ 50%] [32m[1mLinking CXX shared library /tiago_public_ws/devel/.private/gazebo_plugins/lib/libgazebo_ros_gpu_laser.so[0m
[ 51%] Built target gazebo_ros_joint_pose_trajectory
[ 52%] [32m[1mLinking CXX shared library /tiago_public_ws/devel/.private/gazebo_plugins/lib/libgazebo_ros_bumper.so[0m
[ 53%] [32m[1mLinking CXX shared library /tiago_public_ws/devel/.private/gazebo_plugins/lib/libgazebo_ros_diff_drive.so[0m
[ 55%] Built target gazebo_ros_skid_steer_drive
[ 56%] [32m[1mLinking CXX shared library /tiago_public_ws/devel/.private/gazebo_plugins/lib/libgazebo_ros_joint_state_publisher.so[0m
[ 57%] Built target gazebo_ros_imu_sensor
[ 62%] Built target gazebo_plugins_gencfg
[ 64%] [32m[1mLinking CXX shared library /tiago_public_ws/devel/.private/gazebo_plugins/lib/libgazebo_ros_camera_utils.so[0m
[ 65%] Built target gazebo_ros_tricycle_drive
[ 66%] Built target pub_joint_trajectory_test
[ 67%] Built target gazebo_ros_joint_trajectory
[ 69%] Built target gazebo_ros_f3d
[ 70%] [32m[1mLinking CXX shared library /tiago_public_ws/devel/.private/gazebo_plugins/lib/libvision_reconfigure.so[0m
[ 71%] [32m[1mLinking CXX executable /tiago_public_ws/devel/.private/gazebo_plugins/lib/gazebo_plugins/hokuyo_node[0m
[ 73%] [32m[1mLinking CXX shared library /tiago_public_ws/devel/.private/gazebo_plugins/lib/libgazebo_ros_elevator.so[0m
[ 74%] Built target gazebo_ros_p3d
[ 75%] Built target gazebo_ros_diff_drive
[ 76%] Built target gazebo_ros_joint_state_publisher
[ 78%] Built target gazebo_ros_bumper
[ 79%] Built target vision_reconfigure
[ 80%] [32m[1mLinking CXX executable /tiago_public_ws/devel/.private/gazebo_plugins/lib/gazebo_plugins/camera_synchronizer[0m
[ 82%] Built target gazebo_ros_elevator
[ 83%] Built target hokuyo_node
[ 84%] Built target gazebo_ros_gpu_laser
[ 85%] Built target gazebo_ros_camera_utils
[ 87%] [32m[1mLinking CXX shared library /tiago_public_ws/devel/.private/gazebo_plugins/lib/libgazebo_ros_prosilica.so[0m
[ 88%] [32m[1mLinking CXX shared library /tiago_public_ws/devel/.private/gazebo_plugins/lib/libgazebo_ros_camera.so[0m
[ 89%] [32m[1mLinking CXX shared library /tiago_public_ws/devel/.private/gazebo_plugins/lib/libgazebo_ros_multicamera.so[0m
[ 91%] [32m[1mLinking CXX shared library /tiago_public_ws/devel/.private/gazebo_plugins/lib/libgazebo_ros_openni_kinect.so[0m
[ 92%] [32m[1mLinking CXX shared library /tiago_public_ws/devel/.private/gazebo_plugins/lib/libgazebo_ros_depth_camera.so[0m
[ 93%] Built target camera_synchronizer
[ 94%] Built target gazebo_ros_camera
[ 96%] Built target gazebo_ros_prosilica
[ 97%] Built target gazebo_ros_multicamera
[ 98%] Built target gazebo_ros_depth_camera
[100%] Built target gazebo_ros_openni_kinect
