Determining if the pthread_create exist failed with the following output:
Change Dir: /tiago_public_ws/build/navi/CMakeFiles/CMakeTmp

Run Build Command:"/usr/bin/make" "cmTC_1cab4/fast"
/usr/bin/make -f CMakeFiles/cmTC_1cab4.dir/build.make CMakeFiles/cmTC_1cab4.dir/build
make[1]: Entering directory '/tiago_public_ws/build/navi/CMakeFiles/CMakeTmp'
Building C object CMakeFiles/cmTC_1cab4.dir/CheckSymbolExists.c.o
/usr/bin/cc    -o CMakeFiles/cmTC_1cab4.dir/CheckSymbolExists.c.o   -c /tiago_public_ws/build/navi/CMakeFiles/CMakeTmp/CheckSymbolExists.c
Linking C executable cmTC_1cab4
/usr/bin/cmake -E cmake_link_script CMakeFiles/cmTC_1cab4.dir/link.txt --verbose=1
/usr/bin/cc      -rdynamic CMakeFiles/cmTC_1cab4.dir/CheckSymbolExists.c.o  -o cmTC_1cab4 
CMakeFiles/cmTC_1cab4.dir/CheckSymbolExists.c.o: In function `main':
CheckSymbolExists.c:(.text+0x1b): undefined reference to `pthread_create'
collect2: error: ld returned 1 exit status
CMakeFiles/cmTC_1cab4.dir/build.make:97: recipe for target 'cmTC_1cab4' failed
make[1]: *** [cmTC_1cab4] Error 1
make[1]: Leaving directory '/tiago_public_ws/build/navi/CMakeFiles/CMakeTmp'
Makefile:126: recipe for target 'cmTC_1cab4/fast' failed
make: *** [cmTC_1cab4/fast] Error 2

File /tiago_public_ws/build/navi/CMakeFiles/CMakeTmp/CheckSymbolExists.c:
/* */
#include <pthread.h>

int main(int argc, char** argv)
{
  (void)argv;
#ifndef pthread_create
  return ((int*)(&pthread_create))[argc];
#else
  (void)argc;
  return 0;
#endif
}

Determining if the function pthread_create exists in the pthreads failed with the following output:
Change Dir: /tiago_public_ws/build/navi/CMakeFiles/CMakeTmp

Run Build Command:"/usr/bin/make" "cmTC_47387/fast"
/usr/bin/make -f CMakeFiles/cmTC_47387.dir/build.make CMakeFiles/cmTC_47387.dir/build
make[1]: Entering directory '/tiago_public_ws/build/navi/CMakeFiles/CMakeTmp'
Building C object CMakeFiles/cmTC_47387.dir/CheckFunctionExists.c.o
/usr/bin/cc   -DCHECK_FUNCTION_EXISTS=pthread_create   -o CMakeFiles/cmTC_47387.dir/CheckFunctionExists.c.o   -c /usr/share/cmake-3.10/Modules/CheckFunctionExists.c
Linking C executable cmTC_47387
/usr/bin/cmake -E cmake_link_script CMakeFiles/cmTC_47387.dir/link.txt --verbose=1
/usr/bin/cc  -DCHECK_FUNCTION_EXISTS=pthread_create    -rdynamic CMakeFiles/cmTC_47387.dir/CheckFunctionExists.c.o  -o cmTC_47387 -lpthreads 
/usr/bin/ld: cannot find -lpthreads
collect2: error: ld returned 1 exit status
CMakeFiles/cmTC_47387.dir/build.make:97: recipe for target 'cmTC_47387' failed
make[1]: *** [cmTC_47387] Error 1
make[1]: Leaving directory '/tiago_public_ws/build/navi/CMakeFiles/CMakeTmp'
Makefile:126: recipe for target 'cmTC_47387/fast' failed
make: *** [cmTC_47387/fast] Error 2


