Determining if the pthread_create exist failed with the following output:
Change Dir: /tiago_public_ws/build/rosplan_sensing_interface/CMakeFiles/CMakeTmp

Run Build Command:"/usr/bin/make" "cmTC_8533c/fast"
/usr/bin/make -f CMakeFiles/cmTC_8533c.dir/build.make CMakeFiles/cmTC_8533c.dir/build
make[1]: Entering directory '/tiago_public_ws/build/rosplan_sensing_interface/CMakeFiles/CMakeTmp'
Building C object CMakeFiles/cmTC_8533c.dir/CheckSymbolExists.c.o
/usr/bin/cc    -o CMakeFiles/cmTC_8533c.dir/CheckSymbolExists.c.o   -c /tiago_public_ws/build/rosplan_sensing_interface/CMakeFiles/CMakeTmp/CheckSymbolExists.c
Linking C executable cmTC_8533c
/usr/bin/cmake -E cmake_link_script CMakeFiles/cmTC_8533c.dir/link.txt --verbose=1
/usr/bin/cc      -rdynamic CMakeFiles/cmTC_8533c.dir/CheckSymbolExists.c.o  -o cmTC_8533c 
CMakeFiles/cmTC_8533c.dir/CheckSymbolExists.c.o: In function `main':
CheckSymbolExists.c:(.text+0x1b): undefined reference to `pthread_create'
collect2: error: ld returned 1 exit status
CMakeFiles/cmTC_8533c.dir/build.make:97: recipe for target 'cmTC_8533c' failed
make[1]: *** [cmTC_8533c] Error 1
make[1]: Leaving directory '/tiago_public_ws/build/rosplan_sensing_interface/CMakeFiles/CMakeTmp'
Makefile:126: recipe for target 'cmTC_8533c/fast' failed
make: *** [cmTC_8533c/fast] Error 2

File /tiago_public_ws/build/rosplan_sensing_interface/CMakeFiles/CMakeTmp/CheckSymbolExists.c:
/* */
#include <pthread.h>

int main(int argc, char** argv)
{
  (void)argv;
#ifndef pthread_create
  return ((int*)(&pthread_create))[argc];
#else
  (void)argc;
  return 0;
#endif
}

Determining if the function pthread_create exists in the pthreads failed with the following output:
Change Dir: /tiago_public_ws/build/rosplan_sensing_interface/CMakeFiles/CMakeTmp

Run Build Command:"/usr/bin/make" "cmTC_6241f/fast"
/usr/bin/make -f CMakeFiles/cmTC_6241f.dir/build.make CMakeFiles/cmTC_6241f.dir/build
make[1]: Entering directory '/tiago_public_ws/build/rosplan_sensing_interface/CMakeFiles/CMakeTmp'
Building C object CMakeFiles/cmTC_6241f.dir/CheckFunctionExists.c.o
/usr/bin/cc   -DCHECK_FUNCTION_EXISTS=pthread_create   -o CMakeFiles/cmTC_6241f.dir/CheckFunctionExists.c.o   -c /usr/share/cmake-3.10/Modules/CheckFunctionExists.c
Linking C executable cmTC_6241f
/usr/bin/cmake -E cmake_link_script CMakeFiles/cmTC_6241f.dir/link.txt --verbose=1
/usr/bin/cc  -DCHECK_FUNCTION_EXISTS=pthread_create    -rdynamic CMakeFiles/cmTC_6241f.dir/CheckFunctionExists.c.o  -o cmTC_6241f -lpthreads 
/usr/bin/ld: cannot find -lpthreads
collect2: error: ld returned 1 exit status
CMakeFiles/cmTC_6241f.dir/build.make:97: recipe for target 'cmTC_6241f' failed
make[1]: *** [cmTC_6241f] Error 1
make[1]: Leaving directory '/tiago_public_ws/build/rosplan_sensing_interface/CMakeFiles/CMakeTmp'
Makefile:126: recipe for target 'cmTC_6241f/fast' failed
make: *** [cmTC_6241f/fast] Error 2


