[  0%] Built target roscpp_generate_messages_py
[  0%] Built target std_srvs_generate_messages_nodejs
[  0%] Built target std_srvs_generate_messages_py
[  0%] Built target actionlib_msgs_generate_messages_py
[  0%] Built target actionlib_msgs_generate_messages_lisp
[  0%] Built target rosplan_knowledge_msgs_generate_messages_py
[  0%] Built target actionlib_generate_messages_py
[  0%] Built target actionlib_generate_messages_nodejs
[  0%] Built target std_msgs_generate_messages_nodejs
[  0%] Built target actionlib_generate_messages_eus
[  0%] Built target diagnostic_msgs_generate_messages_cpp
[  0%] Built target rosplan_dispatch_msgs_generate_messages_eus
[  0%] Built target rosplan_dispatch_msgs_generate_messages_cpp
[  0%] Built target actionlib_msgs_generate_messages_nodejs
[  0%] Built target actionlib_generate_messages_cpp
[  0%] Built target geometry_msgs_generate_messages_nodejs
[  0%] Built target std_srvs_generate_messages_eus
[  0%] Built target roscpp_generate_messages_lisp
[  0%] Built target std_msgs_generate_messages_lisp
[  0%] Built target roscpp_generate_messages_nodejs
[  0%] Built target geometry_msgs_generate_messages_eus
[  0%] Built target std_srvs_generate_messages_lisp
[  0%] Built target std_msgs_generate_messages_py
[  0%] Built target rosgraph_msgs_generate_messages_cpp
[  0%] Built target std_srvs_generate_messages_cpp
[  0%] Built target actionlib_msgs_generate_messages_cpp
[  0%] Built target rosgraph_msgs_generate_messages_eus
[  0%] Built target rosgraph_msgs_generate_messages_lisp
[  0%] Built target std_msgs_generate_messages_eus
[  0%] Built target rosgraph_msgs_generate_messages_nodejs
[  0%] Built target diagnostic_msgs_generate_messages_py
[  0%] Built target diagnostic_msgs_generate_messages_eus
[  0%] Built target rosplan_dispatch_msgs_generate_messages_lisp
[  0%] Built target rosplan_knowledge_msgs_generate_messages_cpp
[  0%] Built target rosplan_dispatch_msgs_generate_messages_nodejs
[  0%] Built target rosplan_knowledge_msgs_generate_messages_eus
[  0%] Built target rosplan_knowledge_msgs_generate_messages_lisp
[  0%] Built target actionlib_generate_messages_lisp
[  0%] Built target geometry_msgs_generate_messages_cpp
[  0%] Built target geometry_msgs_generate_messages_py
[  0%] Built target rosplan_knowledge_msgs_generate_messages_nodejs
[  0%] Built target geometry_msgs_generate_messages_lisp
[  0%] Built target rosplan_dispatch_msgs_generate_messages_py
[  0%] Built target diagnostic_msgs_generate_messages_nodejs
[  0%] Built target roscpp_generate_messages_cpp
[  0%] Built target roscpp_generate_messages_eus
[  0%] Built target actionlib_msgs_generate_messages_eus
[  0%] Built target std_msgs_generate_messages_cpp
[  0%] Built target diagnostic_msgs_generate_messages_lisp
[  0%] Built target rosgraph_msgs_generate_messages_py
[  4%] Built target simulatedAction
[  8%] Built target online_planner_interface
[ 13%] Built target panda_planner_interface
[ 17%] Built target lpg_planner_interface
[ 22%] Built target smt_planner_interface
[ 26%] Built target pddl_esterel_plan_dispatcher
[ 39%] Built target problemInterface
[ 44%] Built target popf_planner_interface
[ 48%] Built target ff_planner_interface
[ 52%] Built target tfd_planner_interface
[ 57%] Built target metricff_planner_interface
[ 61%] Built target rddlsim_planner_interface
[ 66%] Built target upm_planner_interface
[ 70%] Built target fd_planner_interface
[ 75%] Built target pprp_planner_interface
[ 79%] Built target pddl_simple_plan_parser
[ 83%] Built target pddl_esterel_plan_parser
[ 88%] Built target chimp_planner_interface
[ 92%] Built target pddl_simple_plan_dispatcher
[ 97%] Built target online_plan_dispatcher
[100%] Built target rosplan_action_interface
