[35m[1mScanning dependencies of target std_srvs_generate_messages_py[0m
[35m[1mScanning dependencies of target std_srvs_generate_messages_nodejs[0m
[35m[1mScanning dependencies of target roscpp_generate_messages_py[0m
[35m[1mScanning dependencies of target actionlib_msgs_generate_messages_py[0m
[35m[1mScanning dependencies of target actionlib_msgs_generate_messages_lisp[0m
[35m[1mScanning dependencies of target rosplan_knowledge_msgs_generate_messages_py[0m
[35m[1mScanning dependencies of target actionlib_generate_messages_py[0m
[35m[1mScanning dependencies of target actionlib_generate_messages_nodejs[0m
[35m[1mScanning dependencies of target std_msgs_generate_messages_nodejs[0m
[35m[1mScanning dependencies of target rosplan_dispatch_msgs_generate_messages_eus[0m
[35m[1mScanning dependencies of target actionlib_generate_messages_eus[0m
[35m[1mScanning dependencies of target diagnostic_msgs_generate_messages_cpp[0m
[35m[1mScanning dependencies of target actionlib_msgs_generate_messages_nodejs[0m
[35m[1mScanning dependencies of target geometry_msgs_generate_messages_nodejs[0m
[35m[1mScanning dependencies of target actionlib_generate_messages_cpp[0m
[  0%] Built target actionlib_msgs_generate_messages_py
[  0%] Built target roscpp_generate_messages_py
[  0%] Built target std_srvs_generate_messages_py
[  0%] Built target std_srvs_generate_messages_nodejs
[  0%] Built target actionlib_msgs_generate_messages_lisp
[  0%] Built target rosplan_knowledge_msgs_generate_messages_py
[  0%] Built target actionlib_generate_messages_py
[  0%] Built target rosplan_dispatch_msgs_generate_messages_eus
[  0%] Built target actionlib_generate_messages_eus
[  0%] Built target std_msgs_generate_messages_nodejs
[  0%] Built target actionlib_generate_messages_nodejs
[  0%] Built target actionlib_msgs_generate_messages_nodejs
[  0%] Built target diagnostic_msgs_generate_messages_cpp
[  0%] Built target geometry_msgs_generate_messages_nodejs
[  0%] Built target actionlib_generate_messages_cpp
[35m[1mScanning dependencies of target std_srvs_generate_messages_eus[0m
[35m[1mScanning dependencies of target roscpp_generate_messages_lisp[0m
[35m[1mScanning dependencies of target rosplan_dispatch_msgs_generate_messages_cpp[0m
[35m[1mScanning dependencies of target roscpp_generate_messages_nodejs[0m
[35m[1mScanning dependencies of target std_msgs_generate_messages_lisp[0m
[35m[1mScanning dependencies of target geometry_msgs_generate_messages_eus[0m
[35m[1mScanning dependencies of target std_srvs_generate_messages_lisp[0m
[35m[1mScanning dependencies of target std_msgs_generate_messages_py[0m
[35m[1mScanning dependencies of target rosgraph_msgs_generate_messages_cpp[0m
[35m[1mScanning dependencies of target actionlib_msgs_generate_messages_cpp[0m
[35m[1mScanning dependencies of target std_srvs_generate_messages_cpp[0m
[35m[1mScanning dependencies of target rosgraph_msgs_generate_messages_lisp[0m
[35m[1mScanning dependencies of target rosgraph_msgs_generate_messages_eus[0m
[35m[1mScanning dependencies of target std_msgs_generate_messages_eus[0m
[35m[1mScanning dependencies of target rosgraph_msgs_generate_messages_nodejs[0m
[  0%] Built target rosplan_dispatch_msgs_generate_messages_cpp
[  0%] Built target roscpp_generate_messages_lisp
[  0%] Built target std_srvs_generate_messages_eus
[  0%] Built target roscpp_generate_messages_nodejs
[  0%] Built target std_msgs_generate_messages_lisp
[  0%] Built target geometry_msgs_generate_messages_eus
[  0%] Built target std_srvs_generate_messages_lisp
[  0%] Built target rosgraph_msgs_generate_messages_lisp
[  0%] Built target std_msgs_generate_messages_py
[  0%] Built target actionlib_msgs_generate_messages_cpp
[  0%] Built target rosgraph_msgs_generate_messages_cpp
[  0%] Built target rosgraph_msgs_generate_messages_eus
[  0%] Built target std_srvs_generate_messages_cpp
[  0%] Built target std_msgs_generate_messages_eus
[  0%] Built target rosgraph_msgs_generate_messages_nodejs
[35m[1mScanning dependencies of target diagnostic_msgs_generate_messages_eus[0m
[35m[1mScanning dependencies of target rosplan_knowledge_msgs_generate_messages_cpp[0m
[35m[1mScanning dependencies of target diagnostic_msgs_generate_messages_py[0m
[35m[1mScanning dependencies of target rosplan_dispatch_msgs_generate_messages_lisp[0m
[35m[1mScanning dependencies of target rosplan_knowledge_msgs_generate_messages_eus[0m
[35m[1mScanning dependencies of target rosplan_dispatch_msgs_generate_messages_nodejs[0m
[35m[1mScanning dependencies of target rosplan_knowledge_msgs_generate_messages_lisp[0m
[35m[1mScanning dependencies of target actionlib_generate_messages_lisp[0m
[35m[1mScanning dependencies of target geometry_msgs_generate_messages_lisp[0m
[35m[1mScanning dependencies of target rosplan_knowledge_msgs_generate_messages_nodejs[0m
[35m[1mScanning dependencies of target geometry_msgs_generate_messages_py[0m
[35m[1mScanning dependencies of target rosplan_dispatch_msgs_generate_messages_py[0m
[35m[1mScanning dependencies of target geometry_msgs_generate_messages_cpp[0m
[35m[1mScanning dependencies of target diagnostic_msgs_generate_messages_nodejs[0m
[  0%] Built target diagnostic_msgs_generate_messages_eus
[  0%] Built target rosplan_knowledge_msgs_generate_messages_cpp
[  0%] Built target diagnostic_msgs_generate_messages_py
[  0%] Built target rosplan_dispatch_msgs_generate_messages_nodejs
[  0%] Built target rosplan_knowledge_msgs_generate_messages_eus
[  0%] Built target rosplan_dispatch_msgs_generate_messages_lisp
[35m[1mScanning dependencies of target roscpp_generate_messages_cpp[0m
[  0%] Built target rosplan_knowledge_msgs_generate_messages_lisp
[  0%] Built target actionlib_generate_messages_lisp
[  0%] Built target rosplan_knowledge_msgs_generate_messages_nodejs
[  0%] Built target geometry_msgs_generate_messages_py
[  0%] Built target rosplan_dispatch_msgs_generate_messages_py
[  0%] Built target geometry_msgs_generate_messages_cpp
[  0%] Built target geometry_msgs_generate_messages_lisp
[  0%] Built target diagnostic_msgs_generate_messages_nodejs
[35m[1mScanning dependencies of target std_msgs_generate_messages_cpp[0m
[35m[1mScanning dependencies of target actionlib_msgs_generate_messages_eus[0m
[35m[1mScanning dependencies of target rosgraph_msgs_generate_messages_py[0m
[35m[1mScanning dependencies of target diagnostic_msgs_generate_messages_lisp[0m
[35m[1mScanning dependencies of target roscpp_generate_messages_eus[0m
[  0%] Built target roscpp_generate_messages_cpp
[  0%] Built target std_msgs_generate_messages_cpp
[  0%] Built target actionlib_msgs_generate_messages_eus
[  0%] Built target rosgraph_msgs_generate_messages_py
[  0%] Built target diagnostic_msgs_generate_messages_lisp
[  0%] Built target roscpp_generate_messages_eus
[35m[1mScanning dependencies of target popf_planner_interface[0m
[35m[1mScanning dependencies of target online_planner_interface[0m
[35m[1mScanning dependencies of target simulatedAction[0m
[35m[1mScanning dependencies of target lpg_planner_interface[0m
[35m[1mScanning dependencies of target smt_planner_interface[0m
[35m[1mScanning dependencies of target problemInterface[0m
[35m[1mScanning dependencies of target panda_planner_interface[0m
[35m[1mScanning dependencies of target pddl_esterel_plan_dispatcher[0m
[35m[1mScanning dependencies of target tfd_planner_interface[0m
[35m[1mScanning dependencies of target fd_planner_interface[0m
[35m[1mScanning dependencies of target ff_planner_interface[0m
[35m[1mScanning dependencies of target metricff_planner_interface[0m
[35m[1mScanning dependencies of target pprp_planner_interface[0m
[35m[1mScanning dependencies of target upm_planner_interface[0m
[35m[1mScanning dependencies of target rddlsim_planner_interface[0m
[  1%] [32mBuilding CXX object CMakeFiles/fd_planner_interface.dir/src/PlannerInterface/FDPlannerInterface.cpp.o[0m
[  4%] [32mBuilding CXX object CMakeFiles/simulatedAction.dir/src/ActionInterface/RPSimulatedActionInterface.cpp.o[0m
[  4%] [32mBuilding CXX object CMakeFiles/popf_planner_interface.dir/src/PlannerInterface/POPFPlannerInterface.cpp.o[0m
[  5%] [32mBuilding CXX object CMakeFiles/lpg_planner_interface.dir/src/PlannerInterface/LPGPlannerInterface.cpp.o[0m
[  8%] [32mBuilding CXX object CMakeFiles/smt_planner_interface.dir/src/PlannerInterface/SMTPlannerInterface.cpp.o[0m
[  8%] [32mBuilding CXX object CMakeFiles/online_planner_interface.dir/src/PlannerInterface/OnlinePlannerInterface.cpp.o[0m
[ 10%] [32mBuilding CXX object CMakeFiles/panda_planner_interface.dir/src/PlannerInterface/PANDAPlannerInterface.cpp.o[0m
[ 11%] [32mBuilding CXX object CMakeFiles/metricff_planner_interface.dir/src/PlannerInterface/FFPlannerInterface.cpp.o[0m
[ 14%] [32mBuilding CXX object CMakeFiles/upm_planner_interface.dir/src/PlannerInterface/UPMPlannerInterface.cpp.o[0m
[ 14%] [32mBuilding CXX object CMakeFiles/tfd_planner_interface.dir/src/PlannerInterface/TFDPlannerInterface.cpp.o[0m
[ 17%] [32mBuilding CXX object CMakeFiles/ff_planner_interface.dir/src/PlannerInterface/FFPlannerInterface.cpp.o[0m
[ 17%] [32mBuilding CXX object CMakeFiles/pprp_planner_interface.dir/src/PlannerInterface/PPRPPlannerInterface.cpp.o[0m
[ 19%] [32mBuilding CXX object CMakeFiles/pddl_esterel_plan_dispatcher.dir/src/PlanDispatch/EsterelPlanDispatcher.cpp.o[0m
[ 20%] [32mBuilding CXX object CMakeFiles/rddlsim_planner_interface.dir/src/PlannerInterface/RDDLSIMPlannerInterface.cpp.o[0m
[ 22%] [32mBuilding CXX object CMakeFiles/problemInterface.dir/src/ProblemGeneration/ProblemInterface.cpp.o[0m
[ 23%] [32mBuilding CXX object CMakeFiles/simulatedAction.dir/src/ActionInterface/RPActionInterface.cpp.o[0m
[ 25%] [32mBuilding CXX object CMakeFiles/problemInterface.dir/src/ProblemGeneration/PDDLProblemGenerator.cpp.o[0m
[ 26%] [32mBuilding CXX object CMakeFiles/pddl_esterel_plan_dispatcher.dir/src/PlanDispatch/PlanDispatcher.cpp.o[0m
[ 27%] [32mBuilding CXX object CMakeFiles/problemInterface.dir/src/ProblemGeneration/ProblemGenerator.cpp.o[0m
[ 29%] [32mBuilding CXX object CMakeFiles/popf_planner_interface.dir/src/PlannerInterface/PlannerInterface.cpp.o[0m
[ 30%] [32mBuilding CXX object CMakeFiles/smt_planner_interface.dir/src/PlannerInterface/PlannerInterface.cpp.o[0m
[ 32%] [32mBuilding CXX object CMakeFiles/ff_planner_interface.dir/src/PlannerInterface/PlannerInterface.cpp.o[0m
[ 33%] [32mBuilding CXX object CMakeFiles/fd_planner_interface.dir/src/PlannerInterface/PlannerInterface.cpp.o[0m
[ 36%] [32mBuilding CXX object CMakeFiles/panda_planner_interface.dir/src/PlannerInterface/PlannerInterface.cpp.o[0m
[ 36%] [32mBuilding CXX object CMakeFiles/tfd_planner_interface.dir/src/PlannerInterface/PlannerInterface.cpp.o[0m
[ 38%] [32mBuilding CXX object CMakeFiles/metricff_planner_interface.dir/src/PlannerInterface/PlannerInterface.cpp.o[0m
[ 39%] [32mBuilding CXX object CMakeFiles/lpg_planner_interface.dir/src/PlannerInterface/PlannerInterface.cpp.o[0m
[ 41%] [32mBuilding CXX object CMakeFiles/upm_planner_interface.dir/src/PlannerInterface/PlannerInterface.cpp.o[0m
[ 42%] [32m[1mLinking CXX executable /tiago_public_ws/devel/.private/rosplan_planning_system/lib/rosplan_planning_system/simulatedAction[0m
[ 44%] [32mBuilding CXX object CMakeFiles/online_planner_interface.dir/src/PlannerInterface/PlannerInterface.cpp.o[0m
[ 44%] Built target simulatedAction
[35m[1mScanning dependencies of target chimp_planner_interface[0m
[ 45%] [32mBuilding CXX object CMakeFiles/chimp_planner_interface.dir/src/PlannerInterface/CHIMPPlannerInterface.cpp.o[0m
[ 47%] [32mBuilding CXX object CMakeFiles/problemInterface.dir/src/ProblemGeneration/RDDLProblemGenerator.cpp.o[0m
[ 48%] [32mBuilding CXX object CMakeFiles/rddlsim_planner_interface.dir/src/PlannerInterface/PlannerInterface.cpp.o[0m
[ 50%] [32mBuilding CXX object CMakeFiles/pprp_planner_interface.dir/src/PlannerInterface/PlannerInterface.cpp.o[0m
[ 51%] [32m[1mLinking CXX executable /tiago_public_ws/devel/.private/rosplan_planning_system/lib/rosplan_planning_system/popf_planner_interface[0m
[ 52%] [32m[1mLinking CXX executable /tiago_public_ws/devel/.private/rosplan_planning_system/lib/rosplan_planning_system/smt_planner_interface[0m
[ 54%] [32m[1mLinking CXX executable /tiago_public_ws/devel/.private/rosplan_planning_system/lib/rosplan_planning_system/fd_planner_interface[0m
[ 55%] [32m[1mLinking CXX executable /tiago_public_ws/devel/.private/rosplan_planning_system/lib/rosplan_planning_system/ff_planner_interface[0m
[ 57%] [32m[1mLinking CXX executable /tiago_public_ws/devel/.private/rosplan_planning_system/lib/rosplan_planning_system/tfd_planner_interface[0m
[ 58%] [32m[1mLinking CXX executable /tiago_public_ws/devel/.private/rosplan_planning_system/lib/rosplan_planning_system/metricff_planner_interface[0m
[ 60%] [32m[1mLinking CXX executable /tiago_public_ws/devel/.private/rosplan_planning_system/lib/rosplan_planning_system/lpg_planner_interface[0m
[ 61%] [32m[1mLinking CXX executable /tiago_public_ws/devel/.private/rosplan_planning_system/lib/rosplan_planning_system/upm_planner_interface[0m
[ 63%] [32m[1mLinking CXX executable /tiago_public_ws/devel/.private/rosplan_planning_system/lib/rosplan_planning_system/panda_planner_interface[0m
[ 63%] Built target popf_planner_interface
[35m[1mScanning dependencies of target pddl_simple_plan_parser[0m
[ 64%] [32mBuilding CXX object CMakeFiles/pddl_simple_plan_parser.dir/src/PlanParsing/PDDLSimplePlanParser.cpp.o[0m
[ 64%] Built target smt_planner_interface
[35m[1mScanning dependencies of target pddl_esterel_plan_parser[0m
[ 66%] [32m[1mLinking CXX executable /tiago_public_ws/devel/.private/rosplan_planning_system/lib/rosplan_planning_system/online_planner_interface[0m
[ 66%] Built target fd_planner_interface
[ 67%] [32mBuilding CXX object CMakeFiles/pddl_esterel_plan_parser.dir/src/PlanParsing/PDDLEsterelPlanParser.cpp.o[0m
[35m[1mScanning dependencies of target pddl_simple_plan_dispatcher[0m
[ 67%] Built target ff_planner_interface
[35m[1mScanning dependencies of target online_plan_dispatcher[0m
[ 67%] Built target tfd_planner_interface
[ 67%] Built target metricff_planner_interface
[ 69%] [32mBuilding CXX object CMakeFiles/pddl_simple_plan_parser.dir/src/PlanParsing/PlanParser.cpp.o[0m
[ 70%] [32mBuilding CXX object CMakeFiles/pddl_simple_plan_dispatcher.dir/src/PlanDispatch/SimplePlanDispatcher.cpp.o[0m
[35m[1mScanning dependencies of target rosplan_action_interface[0m
[ 72%] [32mBuilding CXX object CMakeFiles/online_plan_dispatcher.dir/src/PlanDispatch/OnlinePlanDispatcher.cpp.o[0m
[ 72%] Built target upm_planner_interface
[ 72%] Built target lpg_planner_interface
[ 73%] [32mBuilding CXX object CMakeFiles/rosplan_action_interface.dir/src/ActionInterface/RPActionInterface.cpp.o[0m
[ 75%] [32mBuilding CXX object CMakeFiles/problemInterface.dir/src/ProblemGeneration/CHIMPFluent.cpp.o[0m
[ 76%] [32mBuilding CXX object CMakeFiles/pddl_esterel_plan_parser.dir/src/PlanParsing/PlanParser.cpp.o[0m
[ 76%] Built target panda_planner_interface
[ 76%] Built target online_planner_interface
[ 77%] [32mBuilding CXX object CMakeFiles/chimp_planner_interface.dir/src/PlannerInterface/PlannerInterface.cpp.o[0m
[ 79%] [32mBuilding CXX object CMakeFiles/problemInterface.dir/src/ProblemGeneration/CHIMPProblem.cpp.o[0m
[ 80%] [32mBuilding CXX object CMakeFiles/problemInterface.dir/src/ProblemGeneration/CHIMPProblemGenerator.cpp.o[0m
[ 82%] [32mBuilding CXX object CMakeFiles/problemInterface.dir/src/ProblemGeneration/ProblemGeneratorFactory.cpp.o[0m
[ 83%] [32m[1mLinking CXX executable /tiago_public_ws/devel/.private/rosplan_planning_system/lib/rosplan_planning_system/rddlsim_planner_interface[0m
[ 85%] [32m[1mLinking CXX executable /tiago_public_ws/devel/.private/rosplan_planning_system/lib/rosplan_planning_system/pprp_planner_interface[0m
[ 86%] [32mBuilding CXX object CMakeFiles/pddl_simple_plan_dispatcher.dir/src/PlanDispatch/PlanDispatcher.cpp.o[0m
[ 88%] [32mBuilding CXX object CMakeFiles/online_plan_dispatcher.dir/src/PlanDispatch/PlanDispatcher.cpp.o[0m
[ 88%] Built target rddlsim_planner_interface
[ 89%] [32m[1mLinking CXX executable /tiago_public_ws/devel/.private/rosplan_planning_system/lib/rosplan_planning_system/pddl_esterel_plan_dispatcher[0m
[ 89%] Built target pprp_planner_interface
[ 89%] Built target pddl_esterel_plan_dispatcher
[ 91%] [32m[1mLinking CXX executable /tiago_public_ws/devel/.private/rosplan_planning_system/lib/rosplan_planning_system/pddl_simple_plan_parser[0m
[ 92%] [32m[1mLinking CXX executable /tiago_public_ws/devel/.private/rosplan_planning_system/lib/rosplan_planning_system/problemInterface[0m
[ 92%] Built target pddl_simple_plan_parser
[ 92%] Built target problemInterface
[ 94%] [32m[1mLinking CXX executable /tiago_public_ws/devel/.private/rosplan_planning_system/lib/rosplan_planning_system/chimp_planner_interface[0m
[ 95%] [32m[1mLinking CXX shared library /tiago_public_ws/devel/.private/rosplan_planning_system/lib/librosplan_action_interface.so[0m
[ 95%] Built target rosplan_action_interface
[ 95%] Built target chimp_planner_interface
[ 97%] [32m[1mLinking CXX executable /tiago_public_ws/devel/.private/rosplan_planning_system/lib/rosplan_planning_system/pddl_esterel_plan_parser[0m
[ 97%] Built target pddl_esterel_plan_parser
[ 98%] [32m[1mLinking CXX executable /tiago_public_ws/devel/.private/rosplan_planning_system/lib/rosplan_planning_system/online_plan_dispatcher[0m
[ 98%] Built target online_plan_dispatcher
[100%] [32m[1mLinking CXX executable /tiago_public_ws/devel/.private/rosplan_planning_system/lib/rosplan_planning_system/pddl_simple_plan_dispatcher[0m
[100%] Built target pddl_simple_plan_dispatcher
