Linked: (/tiago_public_ws/devel/.private/pal_visual_localization_msgs/lib/pkgconfig/pal_visual_localization_msgs.pc, /tiago_public_ws/devel/lib/pkgconfig/pal_visual_localization_msgs.pc)
Linked: (/tiago_public_ws/devel/.private/pal_visual_localization_msgs/lib/python2.7/dist-packages/pal_visual_localization_msgs/__init__.py, /tiago_public_ws/devel/lib/python2.7/dist-packages/pal_visual_localization_msgs/__init__.py)
Linked: (/tiago_public_ws/devel/.private/pal_visual_localization_msgs/lib/python2.7/dist-packages/pal_visual_localization_msgs/msg/_VisualLocRecognizeFeedback.py, /tiago_public_ws/devel/lib/python2.7/dist-packages/pal_visual_localization_msgs/msg/_VisualLocRecognizeFeedback.py)
Linked: (/tiago_public_ws/devel/.private/pal_visual_localization_msgs/lib/python2.7/dist-packages/pal_visual_localization_msgs/msg/_VisualLocRecognizeActionFeedback.py, /tiago_public_ws/devel/lib/python2.7/dist-packages/pal_visual_localization_msgs/msg/_VisualLocRecognizeActionFeedback.py)
Linked: (/tiago_public_ws/devel/.private/pal_visual_localization_msgs/lib/python2.7/dist-packages/pal_visual_localization_msgs/msg/_VisualLocRecognizeActionResult.py, /tiago_public_ws/devel/lib/python2.7/dist-packages/pal_visual_localization_msgs/msg/_VisualLocRecognizeActionResult.py)
Linked: (/tiago_public_ws/devel/.private/pal_visual_localization_msgs/lib/python2.7/dist-packages/pal_visual_localization_msgs/msg/_VisualLocRecognizeResult.py, /tiago_public_ws/devel/lib/python2.7/dist-packages/pal_visual_localization_msgs/msg/_VisualLocRecognizeResult.py)
Linked: (/tiago_public_ws/devel/.private/pal_visual_localization_msgs/lib/python2.7/dist-packages/pal_visual_localization_msgs/msg/_VisualLocRecognizeGoal.py, /tiago_public_ws/devel/lib/python2.7/dist-packages/pal_visual_localization_msgs/msg/_VisualLocRecognizeGoal.py)
Linked: (/tiago_public_ws/devel/.private/pal_visual_localization_msgs/lib/python2.7/dist-packages/pal_visual_localization_msgs/msg/_VisualLocAddPlaceActionGoal.py, /tiago_public_ws/devel/lib/python2.7/dist-packages/pal_visual_localization_msgs/msg/_VisualLocAddPlaceActionGoal.py)
Linked: (/tiago_public_ws/devel/.private/pal_visual_localization_msgs/lib/python2.7/dist-packages/pal_visual_localization_msgs/msg/_VisualLocAddPlaceAction.py, /tiago_public_ws/devel/lib/python2.7/dist-packages/pal_visual_localization_msgs/msg/_VisualLocAddPlaceAction.py)
Linked: (/tiago_public_ws/devel/.private/pal_visual_localization_msgs/lib/python2.7/dist-packages/pal_visual_localization_msgs/msg/_VisualLocAddPlaceFeedback.py, /tiago_public_ws/devel/lib/python2.7/dist-packages/pal_visual_localization_msgs/msg/_VisualLocAddPlaceFeedback.py)
Linked: (/tiago_public_ws/devel/.private/pal_visual_localization_msgs/lib/python2.7/dist-packages/pal_visual_localization_msgs/msg/_VisualLocAddPlaceActionFeedback.py, /tiago_public_ws/devel/lib/python2.7/dist-packages/pal_visual_localization_msgs/msg/_VisualLocAddPlaceActionFeedback.py)
Linked: (/tiago_public_ws/devel/.private/pal_visual_localization_msgs/lib/python2.7/dist-packages/pal_visual_localization_msgs/msg/_VisualLocRecognizeActionGoal.py, /tiago_public_ws/devel/lib/python2.7/dist-packages/pal_visual_localization_msgs/msg/_VisualLocRecognizeActionGoal.py)
Linked: (/tiago_public_ws/devel/.private/pal_visual_localization_msgs/lib/python2.7/dist-packages/pal_visual_localization_msgs/msg/_VisualLocAddPlaceResult.py, /tiago_public_ws/devel/lib/python2.7/dist-packages/pal_visual_localization_msgs/msg/_VisualLocAddPlaceResult.py)
Linked: (/tiago_public_ws/devel/.private/pal_visual_localization_msgs/lib/python2.7/dist-packages/pal_visual_localization_msgs/msg/_VisualLocAddPlaceGoal.py, /tiago_public_ws/devel/lib/python2.7/dist-packages/pal_visual_localization_msgs/msg/_VisualLocAddPlaceGoal.py)
Linked: (/tiago_public_ws/devel/.private/pal_visual_localization_msgs/lib/python2.7/dist-packages/pal_visual_localization_msgs/msg/__init__.py, /tiago_public_ws/devel/lib/python2.7/dist-packages/pal_visual_localization_msgs/msg/__init__.py)
Linked: (/tiago_public_ws/devel/.private/pal_visual_localization_msgs/lib/python2.7/dist-packages/pal_visual_localization_msgs/msg/_VisualLocAddPlaceActionResult.py, /tiago_public_ws/devel/lib/python2.7/dist-packages/pal_visual_localization_msgs/msg/_VisualLocAddPlaceActionResult.py)
Linked: (/tiago_public_ws/devel/.private/pal_visual_localization_msgs/lib/python2.7/dist-packages/pal_visual_localization_msgs/msg/_VisualLocRecognizeAction.py, /tiago_public_ws/devel/lib/python2.7/dist-packages/pal_visual_localization_msgs/msg/_VisualLocRecognizeAction.py)
Linked: (/tiago_public_ws/devel/.private/pal_visual_localization_msgs/include/pal_visual_localization_msgs/VisualLocRecognizeActionResult.h, /tiago_public_ws/devel/include/pal_visual_localization_msgs/VisualLocRecognizeActionResult.h)
Linked: (/tiago_public_ws/devel/.private/pal_visual_localization_msgs/include/pal_visual_localization_msgs/VisualLocRecognizeResult.h, /tiago_public_ws/devel/include/pal_visual_localization_msgs/VisualLocRecognizeResult.h)
Linked: (/tiago_public_ws/devel/.private/pal_visual_localization_msgs/include/pal_visual_localization_msgs/VisualLocRecognizeFeedback.h, /tiago_public_ws/devel/include/pal_visual_localization_msgs/VisualLocRecognizeFeedback.h)
Linked: (/tiago_public_ws/devel/.private/pal_visual_localization_msgs/include/pal_visual_localization_msgs/VisualLocRecognizeActionFeedback.h, /tiago_public_ws/devel/include/pal_visual_localization_msgs/VisualLocRecognizeActionFeedback.h)
Linked: (/tiago_public_ws/devel/.private/pal_visual_localization_msgs/include/pal_visual_localization_msgs/VisualLocAddPlaceActionFeedback.h, /tiago_public_ws/devel/include/pal_visual_localization_msgs/VisualLocAddPlaceActionFeedback.h)
Linked: (/tiago_public_ws/devel/.private/pal_visual_localization_msgs/include/pal_visual_localization_msgs/VisualLocAddPlaceAction.h, /tiago_public_ws/devel/include/pal_visual_localization_msgs/VisualLocAddPlaceAction.h)
Linked: (/tiago_public_ws/devel/.private/pal_visual_localization_msgs/include/pal_visual_localization_msgs/VisualLocRecognizeGoal.h, /tiago_public_ws/devel/include/pal_visual_localization_msgs/VisualLocRecognizeGoal.h)
Linked: (/tiago_public_ws/devel/.private/pal_visual_localization_msgs/include/pal_visual_localization_msgs/VisualLocAddPlaceActionResult.h, /tiago_public_ws/devel/include/pal_visual_localization_msgs/VisualLocAddPlaceActionResult.h)
Linked: (/tiago_public_ws/devel/.private/pal_visual_localization_msgs/include/pal_visual_localization_msgs/VisualLocAddPlaceFeedback.h, /tiago_public_ws/devel/include/pal_visual_localization_msgs/VisualLocAddPlaceFeedback.h)
Linked: (/tiago_public_ws/devel/.private/pal_visual_localization_msgs/include/pal_visual_localization_msgs/VisualLocAddPlaceActionGoal.h, /tiago_public_ws/devel/include/pal_visual_localization_msgs/VisualLocAddPlaceActionGoal.h)
Linked: (/tiago_public_ws/devel/.private/pal_visual_localization_msgs/include/pal_visual_localization_msgs/VisualLocAddPlaceResult.h, /tiago_public_ws/devel/include/pal_visual_localization_msgs/VisualLocAddPlaceResult.h)
Linked: (/tiago_public_ws/devel/.private/pal_visual_localization_msgs/include/pal_visual_localization_msgs/VisualLocRecognizeActionGoal.h, /tiago_public_ws/devel/include/pal_visual_localization_msgs/VisualLocRecognizeActionGoal.h)
Linked: (/tiago_public_ws/devel/.private/pal_visual_localization_msgs/include/pal_visual_localization_msgs/VisualLocAddPlaceGoal.h, /tiago_public_ws/devel/include/pal_visual_localization_msgs/VisualLocAddPlaceGoal.h)
Linked: (/tiago_public_ws/devel/.private/pal_visual_localization_msgs/include/pal_visual_localization_msgs/VisualLocRecognizeAction.h, /tiago_public_ws/devel/include/pal_visual_localization_msgs/VisualLocRecognizeAction.h)
Linked: (/tiago_public_ws/devel/.private/pal_visual_localization_msgs/share/pal_visual_localization_msgs/msg/VisualLocAddPlaceActionResult.msg, /tiago_public_ws/devel/share/pal_visual_localization_msgs/msg/VisualLocAddPlaceActionResult.msg)
Linked: (/tiago_public_ws/devel/.private/pal_visual_localization_msgs/share/pal_visual_localization_msgs/msg/VisualLocRecognizeActionGoal.msg, /tiago_public_ws/devel/share/pal_visual_localization_msgs/msg/VisualLocRecognizeActionGoal.msg)
Linked: (/tiago_public_ws/devel/.private/pal_visual_localization_msgs/share/pal_visual_localization_msgs/msg/VisualLocRecognizeActionFeedback.msg, /tiago_public_ws/devel/share/pal_visual_localization_msgs/msg/VisualLocRecognizeActionFeedback.msg)
Linked: (/tiago_public_ws/devel/.private/pal_visual_localization_msgs/share/pal_visual_localization_msgs/msg/VisualLocAddPlaceAction.msg, /tiago_public_ws/devel/share/pal_visual_localization_msgs/msg/VisualLocAddPlaceAction.msg)
Linked: (/tiago_public_ws/devel/.private/pal_visual_localization_msgs/share/pal_visual_localization_msgs/msg/VisualLocRecognizeResult.msg, /tiago_public_ws/devel/share/pal_visual_localization_msgs/msg/VisualLocRecognizeResult.msg)
Linked: (/tiago_public_ws/devel/.private/pal_visual_localization_msgs/share/pal_visual_localization_msgs/msg/VisualLocAddPlaceResult.msg, /tiago_public_ws/devel/share/pal_visual_localization_msgs/msg/VisualLocAddPlaceResult.msg)
Linked: (/tiago_public_ws/devel/.private/pal_visual_localization_msgs/share/pal_visual_localization_msgs/msg/VisualLocAddPlaceActionFeedback.msg, /tiago_public_ws/devel/share/pal_visual_localization_msgs/msg/VisualLocAddPlaceActionFeedback.msg)
Linked: (/tiago_public_ws/devel/.private/pal_visual_localization_msgs/share/pal_visual_localization_msgs/msg/VisualLocAddPlaceGoal.msg, /tiago_public_ws/devel/share/pal_visual_localization_msgs/msg/VisualLocAddPlaceGoal.msg)
Linked: (/tiago_public_ws/devel/.private/pal_visual_localization_msgs/share/pal_visual_localization_msgs/msg/VisualLocRecognizeAction.msg, /tiago_public_ws/devel/share/pal_visual_localization_msgs/msg/VisualLocRecognizeAction.msg)
Linked: (/tiago_public_ws/devel/.private/pal_visual_localization_msgs/share/pal_visual_localization_msgs/msg/VisualLocAddPlaceActionGoal.msg, /tiago_public_ws/devel/share/pal_visual_localization_msgs/msg/VisualLocAddPlaceActionGoal.msg)
Linked: (/tiago_public_ws/devel/.private/pal_visual_localization_msgs/share/pal_visual_localization_msgs/msg/VisualLocRecognizeGoal.msg, /tiago_public_ws/devel/share/pal_visual_localization_msgs/msg/VisualLocRecognizeGoal.msg)
Linked: (/tiago_public_ws/devel/.private/pal_visual_localization_msgs/share/pal_visual_localization_msgs/msg/VisualLocRecognizeFeedback.msg, /tiago_public_ws/devel/share/pal_visual_localization_msgs/msg/VisualLocRecognizeFeedback.msg)
Linked: (/tiago_public_ws/devel/.private/pal_visual_localization_msgs/share/pal_visual_localization_msgs/msg/VisualLocRecognizeActionResult.msg, /tiago_public_ws/devel/share/pal_visual_localization_msgs/msg/VisualLocRecognizeActionResult.msg)
Linked: (/tiago_public_ws/devel/.private/pal_visual_localization_msgs/share/pal_visual_localization_msgs/msg/VisualLocAddPlaceFeedback.msg, /tiago_public_ws/devel/share/pal_visual_localization_msgs/msg/VisualLocAddPlaceFeedback.msg)
Linked: (/tiago_public_ws/devel/.private/pal_visual_localization_msgs/share/pal_visual_localization_msgs/cmake/pal_visual_localization_msgs-msg-extras.cmake, /tiago_public_ws/devel/share/pal_visual_localization_msgs/cmake/pal_visual_localization_msgs-msg-extras.cmake)
Linked: (/tiago_public_ws/devel/.private/pal_visual_localization_msgs/share/pal_visual_localization_msgs/cmake/pal_visual_localization_msgsConfig.cmake, /tiago_public_ws/devel/share/pal_visual_localization_msgs/cmake/pal_visual_localization_msgsConfig.cmake)
Linked: (/tiago_public_ws/devel/.private/pal_visual_localization_msgs/share/pal_visual_localization_msgs/cmake/pal_visual_localization_msgsConfig-version.cmake, /tiago_public_ws/devel/share/pal_visual_localization_msgs/cmake/pal_visual_localization_msgsConfig-version.cmake)
Linked: (/tiago_public_ws/devel/.private/pal_visual_localization_msgs/share/pal_visual_localization_msgs/cmake/pal_visual_localization_msgs-msg-paths.cmake, /tiago_public_ws/devel/share/pal_visual_localization_msgs/cmake/pal_visual_localization_msgs-msg-paths.cmake)
Linked: (/tiago_public_ws/devel/.private/pal_visual_localization_msgs/share/gennodejs/ros/pal_visual_localization_msgs/_index.js, /tiago_public_ws/devel/share/gennodejs/ros/pal_visual_localization_msgs/_index.js)
Linked: (/tiago_public_ws/devel/.private/pal_visual_localization_msgs/share/gennodejs/ros/pal_visual_localization_msgs/msg/VisualLocAddPlaceFeedback.js, /tiago_public_ws/devel/share/gennodejs/ros/pal_visual_localization_msgs/msg/VisualLocAddPlaceFeedback.js)
Linked: (/tiago_public_ws/devel/.private/pal_visual_localization_msgs/share/gennodejs/ros/pal_visual_localization_msgs/msg/VisualLocAddPlaceAction.js, /tiago_public_ws/devel/share/gennodejs/ros/pal_visual_localization_msgs/msg/VisualLocAddPlaceAction.js)
Linked: (/tiago_public_ws/devel/.private/pal_visual_localization_msgs/share/gennodejs/ros/pal_visual_localization_msgs/msg/VisualLocAddPlaceActionFeedback.js, /tiago_public_ws/devel/share/gennodejs/ros/pal_visual_localization_msgs/msg/VisualLocAddPlaceActionFeedback.js)
Linked: (/tiago_public_ws/devel/.private/pal_visual_localization_msgs/share/gennodejs/ros/pal_visual_localization_msgs/msg/VisualLocAddPlaceResult.js, /tiago_public_ws/devel/share/gennodejs/ros/pal_visual_localization_msgs/msg/VisualLocAddPlaceResult.js)
Linked: (/tiago_public_ws/devel/.private/pal_visual_localization_msgs/share/gennodejs/ros/pal_visual_localization_msgs/msg/VisualLocAddPlaceGoal.js, /tiago_public_ws/devel/share/gennodejs/ros/pal_visual_localization_msgs/msg/VisualLocAddPlaceGoal.js)
Linked: (/tiago_public_ws/devel/.private/pal_visual_localization_msgs/share/gennodejs/ros/pal_visual_localization_msgs/msg/VisualLocRecognizeAction.js, /tiago_public_ws/devel/share/gennodejs/ros/pal_visual_localization_msgs/msg/VisualLocRecognizeAction.js)
Linked: (/tiago_public_ws/devel/.private/pal_visual_localization_msgs/share/gennodejs/ros/pal_visual_localization_msgs/msg/VisualLocRecognizeActionFeedback.js, /tiago_public_ws/devel/share/gennodejs/ros/pal_visual_localization_msgs/msg/VisualLocRecognizeActionFeedback.js)
Linked: (/tiago_public_ws/devel/.private/pal_visual_localization_msgs/share/gennodejs/ros/pal_visual_localization_msgs/msg/VisualLocRecognizeResult.js, /tiago_public_ws/devel/share/gennodejs/ros/pal_visual_localization_msgs/msg/VisualLocRecognizeResult.js)
Linked: (/tiago_public_ws/devel/.private/pal_visual_localization_msgs/share/gennodejs/ros/pal_visual_localization_msgs/msg/VisualLocRecognizeGoal.js, /tiago_public_ws/devel/share/gennodejs/ros/pal_visual_localization_msgs/msg/VisualLocRecognizeGoal.js)
Linked: (/tiago_public_ws/devel/.private/pal_visual_localization_msgs/share/gennodejs/ros/pal_visual_localization_msgs/msg/VisualLocAddPlaceActionGoal.js, /tiago_public_ws/devel/share/gennodejs/ros/pal_visual_localization_msgs/msg/VisualLocAddPlaceActionGoal.js)
Linked: (/tiago_public_ws/devel/.private/pal_visual_localization_msgs/share/gennodejs/ros/pal_visual_localization_msgs/msg/VisualLocRecognizeActionResult.js, /tiago_public_ws/devel/share/gennodejs/ros/pal_visual_localization_msgs/msg/VisualLocRecognizeActionResult.js)
Linked: (/tiago_public_ws/devel/.private/pal_visual_localization_msgs/share/gennodejs/ros/pal_visual_localization_msgs/msg/VisualLocRecognizeFeedback.js, /tiago_public_ws/devel/share/gennodejs/ros/pal_visual_localization_msgs/msg/VisualLocRecognizeFeedback.js)
Linked: (/tiago_public_ws/devel/.private/pal_visual_localization_msgs/share/gennodejs/ros/pal_visual_localization_msgs/msg/VisualLocAddPlaceActionResult.js, /tiago_public_ws/devel/share/gennodejs/ros/pal_visual_localization_msgs/msg/VisualLocAddPlaceActionResult.js)
Linked: (/tiago_public_ws/devel/.private/pal_visual_localization_msgs/share/gennodejs/ros/pal_visual_localization_msgs/msg/_index.js, /tiago_public_ws/devel/share/gennodejs/ros/pal_visual_localization_msgs/msg/_index.js)
Linked: (/tiago_public_ws/devel/.private/pal_visual_localization_msgs/share/gennodejs/ros/pal_visual_localization_msgs/msg/VisualLocRecognizeActionGoal.js, /tiago_public_ws/devel/share/gennodejs/ros/pal_visual_localization_msgs/msg/VisualLocRecognizeActionGoal.js)
Linked: (/tiago_public_ws/devel/.private/pal_visual_localization_msgs/share/roseus/ros/pal_visual_localization_msgs/manifest.l, /tiago_public_ws/devel/share/roseus/ros/pal_visual_localization_msgs/manifest.l)
Linked: (/tiago_public_ws/devel/.private/pal_visual_localization_msgs/share/roseus/ros/pal_visual_localization_msgs/msg/VisualLocRecognizeAction.l, /tiago_public_ws/devel/share/roseus/ros/pal_visual_localization_msgs/msg/VisualLocRecognizeAction.l)
Linked: (/tiago_public_ws/devel/.private/pal_visual_localization_msgs/share/roseus/ros/pal_visual_localization_msgs/msg/VisualLocAddPlaceAction.l, /tiago_public_ws/devel/share/roseus/ros/pal_visual_localization_msgs/msg/VisualLocAddPlaceAction.l)
Linked: (/tiago_public_ws/devel/.private/pal_visual_localization_msgs/share/roseus/ros/pal_visual_localization_msgs/msg/VisualLocRecognizeActionResult.l, /tiago_public_ws/devel/share/roseus/ros/pal_visual_localization_msgs/msg/VisualLocRecognizeActionResult.l)
Linked: (/tiago_public_ws/devel/.private/pal_visual_localization_msgs/share/roseus/ros/pal_visual_localization_msgs/msg/VisualLocAddPlaceActionFeedback.l, /tiago_public_ws/devel/share/roseus/ros/pal_visual_localization_msgs/msg/VisualLocAddPlaceActionFeedback.l)
Linked: (/tiago_public_ws/devel/.private/pal_visual_localization_msgs/share/roseus/ros/pal_visual_localization_msgs/msg/VisualLocAddPlaceResult.l, /tiago_public_ws/devel/share/roseus/ros/pal_visual_localization_msgs/msg/VisualLocAddPlaceResult.l)
Linked: (/tiago_public_ws/devel/.private/pal_visual_localization_msgs/share/roseus/ros/pal_visual_localization_msgs/msg/VisualLocAddPlaceGoal.l, /tiago_public_ws/devel/share/roseus/ros/pal_visual_localization_msgs/msg/VisualLocAddPlaceGoal.l)
Linked: (/tiago_public_ws/devel/.private/pal_visual_localization_msgs/share/roseus/ros/pal_visual_localization_msgs/msg/VisualLocRecognizeResult.l, /tiago_public_ws/devel/share/roseus/ros/pal_visual_localization_msgs/msg/VisualLocRecognizeResult.l)
Linked: (/tiago_public_ws/devel/.private/pal_visual_localization_msgs/share/roseus/ros/pal_visual_localization_msgs/msg/VisualLocAddPlaceFeedback.l, /tiago_public_ws/devel/share/roseus/ros/pal_visual_localization_msgs/msg/VisualLocAddPlaceFeedback.l)
Linked: (/tiago_public_ws/devel/.private/pal_visual_localization_msgs/share/roseus/ros/pal_visual_localization_msgs/msg/VisualLocRecognizeFeedback.l, /tiago_public_ws/devel/share/roseus/ros/pal_visual_localization_msgs/msg/VisualLocRecognizeFeedback.l)
Linked: (/tiago_public_ws/devel/.private/pal_visual_localization_msgs/share/roseus/ros/pal_visual_localization_msgs/msg/VisualLocAddPlaceActionGoal.l, /tiago_public_ws/devel/share/roseus/ros/pal_visual_localization_msgs/msg/VisualLocAddPlaceActionGoal.l)
Linked: (/tiago_public_ws/devel/.private/pal_visual_localization_msgs/share/roseus/ros/pal_visual_localization_msgs/msg/VisualLocRecognizeGoal.l, /tiago_public_ws/devel/share/roseus/ros/pal_visual_localization_msgs/msg/VisualLocRecognizeGoal.l)
Linked: (/tiago_public_ws/devel/.private/pal_visual_localization_msgs/share/roseus/ros/pal_visual_localization_msgs/msg/VisualLocRecognizeActionFeedback.l, /tiago_public_ws/devel/share/roseus/ros/pal_visual_localization_msgs/msg/VisualLocRecognizeActionFeedback.l)
Linked: (/tiago_public_ws/devel/.private/pal_visual_localization_msgs/share/roseus/ros/pal_visual_localization_msgs/msg/VisualLocRecognizeActionGoal.l, /tiago_public_ws/devel/share/roseus/ros/pal_visual_localization_msgs/msg/VisualLocRecognizeActionGoal.l)
Linked: (/tiago_public_ws/devel/.private/pal_visual_localization_msgs/share/roseus/ros/pal_visual_localization_msgs/msg/VisualLocAddPlaceActionResult.l, /tiago_public_ws/devel/share/roseus/ros/pal_visual_localization_msgs/msg/VisualLocAddPlaceActionResult.l)
Linked: (/tiago_public_ws/devel/.private/pal_visual_localization_msgs/share/common-lisp/ros/pal_visual_localization_msgs/msg/_package_VisualLocAddPlaceActionFeedback.lisp, /tiago_public_ws/devel/share/common-lisp/ros/pal_visual_localization_msgs/msg/_package_VisualLocAddPlaceActionFeedback.lisp)
Linked: (/tiago_public_ws/devel/.private/pal_visual_localization_msgs/share/common-lisp/ros/pal_visual_localization_msgs/msg/VisualLocAddPlaceGoal.lisp, /tiago_public_ws/devel/share/common-lisp/ros/pal_visual_localization_msgs/msg/VisualLocAddPlaceGoal.lisp)
Linked: (/tiago_public_ws/devel/.private/pal_visual_localization_msgs/share/common-lisp/ros/pal_visual_localization_msgs/msg/_package_VisualLocRecognizeActionGoal.lisp, /tiago_public_ws/devel/share/common-lisp/ros/pal_visual_localization_msgs/msg/_package_VisualLocRecognizeActionGoal.lisp)
Linked: (/tiago_public_ws/devel/.private/pal_visual_localization_msgs/share/common-lisp/ros/pal_visual_localization_msgs/msg/_package_VisualLocRecognizeGoal.lisp, /tiago_public_ws/devel/share/common-lisp/ros/pal_visual_localization_msgs/msg/_package_VisualLocRecognizeGoal.lisp)
Linked: (/tiago_public_ws/devel/.private/pal_visual_localization_msgs/share/common-lisp/ros/pal_visual_localization_msgs/msg/_package_VisualLocAddPlaceActionResult.lisp, /tiago_public_ws/devel/share/common-lisp/ros/pal_visual_localization_msgs/msg/_package_VisualLocAddPlaceActionResult.lisp)
Linked: (/tiago_public_ws/devel/.private/pal_visual_localization_msgs/share/common-lisp/ros/pal_visual_localization_msgs/msg/VisualLocAddPlaceAction.lisp, /tiago_public_ws/devel/share/common-lisp/ros/pal_visual_localization_msgs/msg/VisualLocAddPlaceAction.lisp)
Linked: (/tiago_public_ws/devel/.private/pal_visual_localization_msgs/share/common-lisp/ros/pal_visual_localization_msgs/msg/VisualLocRecognizeAction.lisp, /tiago_public_ws/devel/share/common-lisp/ros/pal_visual_localization_msgs/msg/VisualLocRecognizeAction.lisp)
Linked: (/tiago_public_ws/devel/.private/pal_visual_localization_msgs/share/common-lisp/ros/pal_visual_localization_msgs/msg/_package.lisp, /tiago_public_ws/devel/share/common-lisp/ros/pal_visual_localization_msgs/msg/_package.lisp)
Linked: (/tiago_public_ws/devel/.private/pal_visual_localization_msgs/share/common-lisp/ros/pal_visual_localization_msgs/msg/VisualLocAddPlaceActionGoal.lisp, /tiago_public_ws/devel/share/common-lisp/ros/pal_visual_localization_msgs/msg/VisualLocAddPlaceActionGoal.lisp)
Linked: (/tiago_public_ws/devel/.private/pal_visual_localization_msgs/share/common-lisp/ros/pal_visual_localization_msgs/msg/VisualLocRecognizeActionFeedback.lisp, /tiago_public_ws/devel/share/common-lisp/ros/pal_visual_localization_msgs/msg/VisualLocRecognizeActionFeedback.lisp)
Linked: (/tiago_public_ws/devel/.private/pal_visual_localization_msgs/share/common-lisp/ros/pal_visual_localization_msgs/msg/pal_visual_localization_msgs-msg.asd, /tiago_public_ws/devel/share/common-lisp/ros/pal_visual_localization_msgs/msg/pal_visual_localization_msgs-msg.asd)
Linked: (/tiago_public_ws/devel/.private/pal_visual_localization_msgs/share/common-lisp/ros/pal_visual_localization_msgs/msg/VisualLocRecognizeActionGoal.lisp, /tiago_public_ws/devel/share/common-lisp/ros/pal_visual_localization_msgs/msg/VisualLocRecognizeActionGoal.lisp)
Linked: (/tiago_public_ws/devel/.private/pal_visual_localization_msgs/share/common-lisp/ros/pal_visual_localization_msgs/msg/_package_VisualLocRecognizeAction.lisp, /tiago_public_ws/devel/share/common-lisp/ros/pal_visual_localization_msgs/msg/_package_VisualLocRecognizeAction.lisp)
Linked: (/tiago_public_ws/devel/.private/pal_visual_localization_msgs/share/common-lisp/ros/pal_visual_localization_msgs/msg/_package_VisualLocAddPlaceGoal.lisp, /tiago_public_ws/devel/share/common-lisp/ros/pal_visual_localization_msgs/msg/_package_VisualLocAddPlaceGoal.lisp)
Linked: (/tiago_public_ws/devel/.private/pal_visual_localization_msgs/share/common-lisp/ros/pal_visual_localization_msgs/msg/VisualLocAddPlaceFeedback.lisp, /tiago_public_ws/devel/share/common-lisp/ros/pal_visual_localization_msgs/msg/VisualLocAddPlaceFeedback.lisp)
Linked: (/tiago_public_ws/devel/.private/pal_visual_localization_msgs/share/common-lisp/ros/pal_visual_localization_msgs/msg/VisualLocRecognizeGoal.lisp, /tiago_public_ws/devel/share/common-lisp/ros/pal_visual_localization_msgs/msg/VisualLocRecognizeGoal.lisp)
Linked: (/tiago_public_ws/devel/.private/pal_visual_localization_msgs/share/common-lisp/ros/pal_visual_localization_msgs/msg/_package_VisualLocAddPlaceAction.lisp, /tiago_public_ws/devel/share/common-lisp/ros/pal_visual_localization_msgs/msg/_package_VisualLocAddPlaceAction.lisp)
Linked: (/tiago_public_ws/devel/.private/pal_visual_localization_msgs/share/common-lisp/ros/pal_visual_localization_msgs/msg/VisualLocRecognizeFeedback.lisp, /tiago_public_ws/devel/share/common-lisp/ros/pal_visual_localization_msgs/msg/VisualLocRecognizeFeedback.lisp)
Linked: (/tiago_public_ws/devel/.private/pal_visual_localization_msgs/share/common-lisp/ros/pal_visual_localization_msgs/msg/_package_VisualLocRecognizeActionFeedback.lisp, /tiago_public_ws/devel/share/common-lisp/ros/pal_visual_localization_msgs/msg/_package_VisualLocRecognizeActionFeedback.lisp)
Linked: (/tiago_public_ws/devel/.private/pal_visual_localization_msgs/share/common-lisp/ros/pal_visual_localization_msgs/msg/VisualLocAddPlaceActionFeedback.lisp, /tiago_public_ws/devel/share/common-lisp/ros/pal_visual_localization_msgs/msg/VisualLocAddPlaceActionFeedback.lisp)
Linked: (/tiago_public_ws/devel/.private/pal_visual_localization_msgs/share/common-lisp/ros/pal_visual_localization_msgs/msg/VisualLocAddPlaceResult.lisp, /tiago_public_ws/devel/share/common-lisp/ros/pal_visual_localization_msgs/msg/VisualLocAddPlaceResult.lisp)
Linked: (/tiago_public_ws/devel/.private/pal_visual_localization_msgs/share/common-lisp/ros/pal_visual_localization_msgs/msg/VisualLocAddPlaceActionResult.lisp, /tiago_public_ws/devel/share/common-lisp/ros/pal_visual_localization_msgs/msg/VisualLocAddPlaceActionResult.lisp)
Linked: (/tiago_public_ws/devel/.private/pal_visual_localization_msgs/share/common-lisp/ros/pal_visual_localization_msgs/msg/_package_VisualLocAddPlaceResult.lisp, /tiago_public_ws/devel/share/common-lisp/ros/pal_visual_localization_msgs/msg/_package_VisualLocAddPlaceResult.lisp)
Linked: (/tiago_public_ws/devel/.private/pal_visual_localization_msgs/share/common-lisp/ros/pal_visual_localization_msgs/msg/_package_VisualLocRecognizeResult.lisp, /tiago_public_ws/devel/share/common-lisp/ros/pal_visual_localization_msgs/msg/_package_VisualLocRecognizeResult.lisp)
Linked: (/tiago_public_ws/devel/.private/pal_visual_localization_msgs/share/common-lisp/ros/pal_visual_localization_msgs/msg/_package_VisualLocAddPlaceFeedback.lisp, /tiago_public_ws/devel/share/common-lisp/ros/pal_visual_localization_msgs/msg/_package_VisualLocAddPlaceFeedback.lisp)
Linked: (/tiago_public_ws/devel/.private/pal_visual_localization_msgs/share/common-lisp/ros/pal_visual_localization_msgs/msg/_package_VisualLocRecognizeFeedback.lisp, /tiago_public_ws/devel/share/common-lisp/ros/pal_visual_localization_msgs/msg/_package_VisualLocRecognizeFeedback.lisp)
Linked: (/tiago_public_ws/devel/.private/pal_visual_localization_msgs/share/common-lisp/ros/pal_visual_localization_msgs/msg/VisualLocRecognizeActionResult.lisp, /tiago_public_ws/devel/share/common-lisp/ros/pal_visual_localization_msgs/msg/VisualLocRecognizeActionResult.lisp)
Linked: (/tiago_public_ws/devel/.private/pal_visual_localization_msgs/share/common-lisp/ros/pal_visual_localization_msgs/msg/_package_VisualLocRecognizeActionResult.lisp, /tiago_public_ws/devel/share/common-lisp/ros/pal_visual_localization_msgs/msg/_package_VisualLocRecognizeActionResult.lisp)
Linked: (/tiago_public_ws/devel/.private/pal_visual_localization_msgs/share/common-lisp/ros/pal_visual_localization_msgs/msg/_package_VisualLocAddPlaceActionGoal.lisp, /tiago_public_ws/devel/share/common-lisp/ros/pal_visual_localization_msgs/msg/_package_VisualLocAddPlaceActionGoal.lisp)
Linked: (/tiago_public_ws/devel/.private/pal_visual_localization_msgs/share/common-lisp/ros/pal_visual_localization_msgs/msg/VisualLocRecognizeResult.lisp, /tiago_public_ws/devel/share/common-lisp/ros/pal_visual_localization_msgs/msg/VisualLocRecognizeResult.lisp)
