Symlinking /tiago_public_ws/devel/lib/pkgconfig/rosplan_knowledge_msgs.pc
Symlinking /tiago_public_ws/devel/lib/python2.7/dist-packages/rosplan_knowledge_msgs/__init__.py
Symlinking /tiago_public_ws/devel/lib/python2.7/dist-packages/rosplan_knowledge_msgs/msg/_DomainOperator.py
Symlinking /tiago_public_ws/devel/lib/python2.7/dist-packages/rosplan_knowledge_msgs/msg/_DomainInequality.py
Symlinking /tiago_public_ws/devel/lib/python2.7/dist-packages/rosplan_knowledge_msgs/msg/_KnowledgeItem.py
Symlinking /tiago_public_ws/devel/lib/python2.7/dist-packages/rosplan_knowledge_msgs/msg/_ExprBase.py
Symlinking /tiago_public_ws/devel/lib/python2.7/dist-packages/rosplan_knowledge_msgs/msg/_StatusUpdate.py
Symlinking /tiago_public_ws/devel/lib/python2.7/dist-packages/rosplan_knowledge_msgs/msg/_DomainFormula.py
Symlinking /tiago_public_ws/devel/lib/python2.7/dist-packages/rosplan_knowledge_msgs/msg/_DomainAssignment.py
Symlinking /tiago_public_ws/devel/lib/python2.7/dist-packages/rosplan_knowledge_msgs/msg/_ProbabilisticEffect.py
Symlinking /tiago_public_ws/devel/lib/python2.7/dist-packages/rosplan_knowledge_msgs/msg/_ExprComposite.py
Symlinking /tiago_public_ws/devel/lib/python2.7/dist-packages/rosplan_knowledge_msgs/msg/__init__.py
Symlinking /tiago_public_ws/devel/lib/python2.7/dist-packages/rosplan_knowledge_msgs/srv/_GetDomainOperatorService.py
Symlinking /tiago_public_ws/devel/lib/python2.7/dist-packages/rosplan_knowledge_msgs/srv/_GenerateProblemService.py
Symlinking /tiago_public_ws/devel/lib/python2.7/dist-packages/rosplan_knowledge_msgs/srv/_GetInstanceService.py
Symlinking /tiago_public_ws/devel/lib/python2.7/dist-packages/rosplan_knowledge_msgs/srv/_KnowledgeQueryService.py
Symlinking /tiago_public_ws/devel/lib/python2.7/dist-packages/rosplan_knowledge_msgs/srv/_GetRDDLFluentType.py
Symlinking /tiago_public_ws/devel/lib/python2.7/dist-packages/rosplan_knowledge_msgs/srv/_GetDomainAttributeService.py
Symlinking /tiago_public_ws/devel/lib/python2.7/dist-packages/rosplan_knowledge_msgs/srv/_KnowledgeUpdateServiceArray.py
Symlinking /tiago_public_ws/devel/lib/python2.7/dist-packages/rosplan_knowledge_msgs/srv/_GetDomainPredicateDetailsService.py
Symlinking /tiago_public_ws/devel/lib/python2.7/dist-packages/rosplan_knowledge_msgs/srv/_GetDomainTypeService.py
Symlinking /tiago_public_ws/devel/lib/python2.7/dist-packages/rosplan_knowledge_msgs/srv/_GetDomainNameService.py
Symlinking /tiago_public_ws/devel/lib/python2.7/dist-packages/rosplan_knowledge_msgs/srv/_GetMetricService.py
Symlinking /tiago_public_ws/devel/lib/python2.7/dist-packages/rosplan_knowledge_msgs/srv/_GetRDDLImmediateReward.py
Symlinking /tiago_public_ws/devel/lib/python2.7/dist-packages/rosplan_knowledge_msgs/srv/_KnowledgeUpdateService.py
Symlinking /tiago_public_ws/devel/lib/python2.7/dist-packages/rosplan_knowledge_msgs/srv/_GetAttributeService.py
Symlinking /tiago_public_ws/devel/lib/python2.7/dist-packages/rosplan_knowledge_msgs/srv/_GetRDDLParams.py
Symlinking /tiago_public_ws/devel/lib/python2.7/dist-packages/rosplan_knowledge_msgs/srv/_SetFloat.py
Symlinking /tiago_public_ws/devel/lib/python2.7/dist-packages/rosplan_knowledge_msgs/srv/_SetNamedBool.py
Symlinking /tiago_public_ws/devel/lib/python2.7/dist-packages/rosplan_knowledge_msgs/srv/_GetEnumerableTypeService.py
Symlinking /tiago_public_ws/devel/lib/python2.7/dist-packages/rosplan_knowledge_msgs/srv/__init__.py
Symlinking /tiago_public_ws/devel/lib/python2.7/dist-packages/rosplan_knowledge_msgs/srv/_GetDomainOperatorDetailsService.py
Symlinking /tiago_public_ws/devel/lib/python2.7/dist-packages/rosplan_knowledge_msgs/srv/_ReloadRDDLDomainProblem.py
Symlinking /tiago_public_ws/devel/lib/python2.7/dist-packages/rosplan_knowledge_msgs/srv/_SetInt.py
Symlinking /tiago_public_ws/devel/include/rosplan_knowledge_msgs/GetDomainAttributeServiceRequest.h
Symlinking /tiago_public_ws/devel/include/rosplan_knowledge_msgs/DomainInequality.h
Symlinking /tiago_public_ws/devel/include/rosplan_knowledge_msgs/SetNamedBool.h
Symlinking /tiago_public_ws/devel/include/rosplan_knowledge_msgs/DomainFormula.h
Symlinking /tiago_public_ws/devel/include/rosplan_knowledge_msgs/GetRDDLFluentType.h
Symlinking /tiago_public_ws/devel/include/rosplan_knowledge_msgs/KnowledgeUpdateServiceArray.h
Symlinking /tiago_public_ws/devel/include/rosplan_knowledge_msgs/GetMetricServiceResponse.h
Symlinking /tiago_public_ws/devel/include/rosplan_knowledge_msgs/SetIntRequest.h
Symlinking /tiago_public_ws/devel/include/rosplan_knowledge_msgs/GetDomainNameService.h
Symlinking /tiago_public_ws/devel/include/rosplan_knowledge_msgs/KnowledgeQueryServiceRequest.h
Symlinking /tiago_public_ws/devel/include/rosplan_knowledge_msgs/ReloadRDDLDomainProblemRequest.h
Symlinking /tiago_public_ws/devel/include/rosplan_knowledge_msgs/KnowledgeUpdateServiceArrayRequest.h
Symlinking /tiago_public_ws/devel/include/rosplan_knowledge_msgs/ExprBase.h
Symlinking /tiago_public_ws/devel/include/rosplan_knowledge_msgs/GetDomainNameServiceResponse.h
Symlinking /tiago_public_ws/devel/include/rosplan_knowledge_msgs/GenerateProblemServiceResponse.h
Symlinking /tiago_public_ws/devel/include/rosplan_knowledge_msgs/GetInstanceServiceResponse.h
Symlinking /tiago_public_ws/devel/include/rosplan_knowledge_msgs/GenerateProblemServiceRequest.h
Symlinking /tiago_public_ws/devel/include/rosplan_knowledge_msgs/GetInstanceServiceRequest.h
Symlinking /tiago_public_ws/devel/include/rosplan_knowledge_msgs/GetDomainNameServiceRequest.h
Symlinking /tiago_public_ws/devel/include/rosplan_knowledge_msgs/GetAttributeServiceRequest.h
Symlinking /tiago_public_ws/devel/include/rosplan_knowledge_msgs/DomainOperator.h
Symlinking /tiago_public_ws/devel/include/rosplan_knowledge_msgs/GetRDDLParams.h
Symlinking /tiago_public_ws/devel/include/rosplan_knowledge_msgs/SetFloatRequest.h
Symlinking /tiago_public_ws/devel/include/rosplan_knowledge_msgs/GenerateProblemService.h
Symlinking /tiago_public_ws/devel/include/rosplan_knowledge_msgs/GetEnumerableTypeServiceRequest.h
Symlinking /tiago_public_ws/devel/include/rosplan_knowledge_msgs/KnowledgeUpdateServiceRequest.h
Symlinking /tiago_public_ws/devel/include/rosplan_knowledge_msgs/SetInt.h
Symlinking /tiago_public_ws/devel/include/rosplan_knowledge_msgs/KnowledgeUpdateServiceResponse.h
Symlinking /tiago_public_ws/devel/include/rosplan_knowledge_msgs/GetDomainOperatorDetailsService.h
Symlinking /tiago_public_ws/devel/include/rosplan_knowledge_msgs/GetMetricServiceRequest.h
Symlinking /tiago_public_ws/devel/include/rosplan_knowledge_msgs/GetRDDLImmediateRewardRequest.h
Symlinking /tiago_public_ws/devel/include/rosplan_knowledge_msgs/GetDomainOperatorServiceRequest.h
Symlinking /tiago_public_ws/devel/include/rosplan_knowledge_msgs/GetDomainAttributeService.h
Symlinking /tiago_public_ws/devel/include/rosplan_knowledge_msgs/ExprComposite.h
Symlinking /tiago_public_ws/devel/include/rosplan_knowledge_msgs/GetMetricService.h
Symlinking /tiago_public_ws/devel/include/rosplan_knowledge_msgs/GetDomainPredicateDetailsServiceResponse.h
Symlinking /tiago_public_ws/devel/include/rosplan_knowledge_msgs/GetDomainTypeServiceResponse.h
Symlinking /tiago_public_ws/devel/include/rosplan_knowledge_msgs/GetEnumerableTypeServiceResponse.h
Symlinking /tiago_public_ws/devel/include/rosplan_knowledge_msgs/GetEnumerableTypeService.h
Symlinking /tiago_public_ws/devel/include/rosplan_knowledge_msgs/GetRDDLImmediateRewardResponse.h
Symlinking /tiago_public_ws/devel/include/rosplan_knowledge_msgs/StatusUpdate.h
Symlinking /tiago_public_ws/devel/include/rosplan_knowledge_msgs/GetAttributeServiceResponse.h
Symlinking /tiago_public_ws/devel/include/rosplan_knowledge_msgs/DomainAssignment.h
Symlinking /tiago_public_ws/devel/include/rosplan_knowledge_msgs/SetNamedBoolResponse.h
Symlinking /tiago_public_ws/devel/include/rosplan_knowledge_msgs/GetDomainOperatorDetailsServiceRequest.h
Symlinking /tiago_public_ws/devel/include/rosplan_knowledge_msgs/SetFloatResponse.h
Symlinking /tiago_public_ws/devel/include/rosplan_knowledge_msgs/KnowledgeQueryServiceResponse.h
Symlinking /tiago_public_ws/devel/include/rosplan_knowledge_msgs/GetRDDLFluentTypeRequest.h
Symlinking /tiago_public_ws/devel/include/rosplan_knowledge_msgs/GetDomainPredicateDetailsServiceRequest.h
Symlinking /tiago_public_ws/devel/include/rosplan_knowledge_msgs/GetAttributeService.h
Symlinking /tiago_public_ws/devel/include/rosplan_knowledge_msgs/GetRDDLImmediateReward.h
Symlinking /tiago_public_ws/devel/include/rosplan_knowledge_msgs/ReloadRDDLDomainProblemResponse.h
Symlinking /tiago_public_ws/devel/include/rosplan_knowledge_msgs/GetDomainTypeServiceRequest.h
Symlinking /tiago_public_ws/devel/include/rosplan_knowledge_msgs/SetNamedBoolRequest.h
Symlinking /tiago_public_ws/devel/include/rosplan_knowledge_msgs/KnowledgeItem.h
Symlinking /tiago_public_ws/devel/include/rosplan_knowledge_msgs/GetRDDLFluentTypeResponse.h
Symlinking /tiago_public_ws/devel/include/rosplan_knowledge_msgs/ProbabilisticEffect.h
Symlinking /tiago_public_ws/devel/include/rosplan_knowledge_msgs/GetDomainAttributeServiceResponse.h
Symlinking /tiago_public_ws/devel/include/rosplan_knowledge_msgs/KnowledgeUpdateService.h
Symlinking /tiago_public_ws/devel/include/rosplan_knowledge_msgs/ReloadRDDLDomainProblem.h
Symlinking /tiago_public_ws/devel/include/rosplan_knowledge_msgs/GetDomainOperatorService.h
Symlinking /tiago_public_ws/devel/include/rosplan_knowledge_msgs/KnowledgeQueryService.h
Symlinking /tiago_public_ws/devel/include/rosplan_knowledge_msgs/GetDomainPredicateDetailsService.h
Symlinking /tiago_public_ws/devel/include/rosplan_knowledge_msgs/GetDomainOperatorServiceResponse.h
Symlinking /tiago_public_ws/devel/include/rosplan_knowledge_msgs/GetDomainTypeService.h
Symlinking /tiago_public_ws/devel/include/rosplan_knowledge_msgs/GetInstanceService.h
Symlinking /tiago_public_ws/devel/include/rosplan_knowledge_msgs/SetFloat.h
Symlinking /tiago_public_ws/devel/include/rosplan_knowledge_msgs/GetDomainOperatorDetailsServiceResponse.h
Symlinking /tiago_public_ws/devel/include/rosplan_knowledge_msgs/KnowledgeUpdateServiceArrayResponse.h
Symlinking /tiago_public_ws/devel/include/rosplan_knowledge_msgs/GetRDDLParamsRequest.h
Symlinking /tiago_public_ws/devel/include/rosplan_knowledge_msgs/SetIntResponse.h
Symlinking /tiago_public_ws/devel/include/rosplan_knowledge_msgs/GetRDDLParamsResponse.h
Symlinking /tiago_public_ws/devel/share/gennodejs/ros/rosplan_knowledge_msgs/_index.js
Symlinking /tiago_public_ws/devel/share/gennodejs/ros/rosplan_knowledge_msgs/msg/ProbabilisticEffect.js
Symlinking /tiago_public_ws/devel/share/gennodejs/ros/rosplan_knowledge_msgs/msg/KnowledgeItem.js
Symlinking /tiago_public_ws/devel/share/gennodejs/ros/rosplan_knowledge_msgs/msg/StatusUpdate.js
Symlinking /tiago_public_ws/devel/share/gennodejs/ros/rosplan_knowledge_msgs/msg/_index.js
Symlinking /tiago_public_ws/devel/share/gennodejs/ros/rosplan_knowledge_msgs/msg/ExprComposite.js
Symlinking /tiago_public_ws/devel/share/gennodejs/ros/rosplan_knowledge_msgs/msg/ExprBase.js
Symlinking /tiago_public_ws/devel/share/gennodejs/ros/rosplan_knowledge_msgs/msg/DomainFormula.js
Symlinking /tiago_public_ws/devel/share/gennodejs/ros/rosplan_knowledge_msgs/msg/DomainInequality.js
Symlinking /tiago_public_ws/devel/share/gennodejs/ros/rosplan_knowledge_msgs/msg/DomainOperator.js
Symlinking /tiago_public_ws/devel/share/gennodejs/ros/rosplan_knowledge_msgs/msg/DomainAssignment.js
Symlinking /tiago_public_ws/devel/share/gennodejs/ros/rosplan_knowledge_msgs/srv/KnowledgeQueryService.js
Symlinking /tiago_public_ws/devel/share/gennodejs/ros/rosplan_knowledge_msgs/srv/GetDomainAttributeService.js
Symlinking /tiago_public_ws/devel/share/gennodejs/ros/rosplan_knowledge_msgs/srv/GetDomainPredicateDetailsService.js
Symlinking /tiago_public_ws/devel/share/gennodejs/ros/rosplan_knowledge_msgs/srv/GetDomainOperatorDetailsService.js
Symlinking /tiago_public_ws/devel/share/gennodejs/ros/rosplan_knowledge_msgs/srv/GetDomainTypeService.js
Symlinking /tiago_public_ws/devel/share/gennodejs/ros/rosplan_knowledge_msgs/srv/GetRDDLImmediateReward.js
Symlinking /tiago_public_ws/devel/share/gennodejs/ros/rosplan_knowledge_msgs/srv/SetNamedBool.js
Symlinking /tiago_public_ws/devel/share/gennodejs/ros/rosplan_knowledge_msgs/srv/ReloadRDDLDomainProblem.js
Symlinking /tiago_public_ws/devel/share/gennodejs/ros/rosplan_knowledge_msgs/srv/GetRDDLParams.js
Symlinking /tiago_public_ws/devel/share/gennodejs/ros/rosplan_knowledge_msgs/srv/KnowledgeUpdateServiceArray.js
Symlinking /tiago_public_ws/devel/share/gennodejs/ros/rosplan_knowledge_msgs/srv/SetInt.js
Symlinking /tiago_public_ws/devel/share/gennodejs/ros/rosplan_knowledge_msgs/srv/GetDomainNameService.js
Symlinking /tiago_public_ws/devel/share/gennodejs/ros/rosplan_knowledge_msgs/srv/_index.js
Symlinking /tiago_public_ws/devel/share/gennodejs/ros/rosplan_knowledge_msgs/srv/GetEnumerableTypeService.js
Symlinking /tiago_public_ws/devel/share/gennodejs/ros/rosplan_knowledge_msgs/srv/GetInstanceService.js
Symlinking /tiago_public_ws/devel/share/gennodejs/ros/rosplan_knowledge_msgs/srv/GetAttributeService.js
Symlinking /tiago_public_ws/devel/share/gennodejs/ros/rosplan_knowledge_msgs/srv/SetFloat.js
Symlinking /tiago_public_ws/devel/share/gennodejs/ros/rosplan_knowledge_msgs/srv/KnowledgeUpdateService.js
Symlinking /tiago_public_ws/devel/share/gennodejs/ros/rosplan_knowledge_msgs/srv/GetRDDLFluentType.js
Symlinking /tiago_public_ws/devel/share/gennodejs/ros/rosplan_knowledge_msgs/srv/GenerateProblemService.js
Symlinking /tiago_public_ws/devel/share/gennodejs/ros/rosplan_knowledge_msgs/srv/GetDomainOperatorService.js
Symlinking /tiago_public_ws/devel/share/gennodejs/ros/rosplan_knowledge_msgs/srv/GetMetricService.js
Symlinking /tiago_public_ws/devel/share/rosplan_knowledge_msgs/cmake/rosplan_knowledge_msgsConfig.cmake
Symlinking /tiago_public_ws/devel/share/rosplan_knowledge_msgs/cmake/rosplan_knowledge_msgs-msg-paths.cmake
Symlinking /tiago_public_ws/devel/share/rosplan_knowledge_msgs/cmake/rosplan_knowledge_msgs-msg-extras.cmake
Symlinking /tiago_public_ws/devel/share/rosplan_knowledge_msgs/cmake/rosplan_knowledge_msgsConfig-version.cmake
Symlinking /tiago_public_ws/devel/share/roseus/ros/rosplan_knowledge_msgs/manifest.l
Symlinking /tiago_public_ws/devel/share/roseus/ros/rosplan_knowledge_msgs/msg/ProbabilisticEffect.l
Symlinking /tiago_public_ws/devel/share/roseus/ros/rosplan_knowledge_msgs/msg/DomainFormula.l
Symlinking /tiago_public_ws/devel/share/roseus/ros/rosplan_knowledge_msgs/msg/DomainOperator.l
Symlinking /tiago_public_ws/devel/share/roseus/ros/rosplan_knowledge_msgs/msg/DomainInequality.l
Symlinking /tiago_public_ws/devel/share/roseus/ros/rosplan_knowledge_msgs/msg/ExprComposite.l
Symlinking /tiago_public_ws/devel/share/roseus/ros/rosplan_knowledge_msgs/msg/ExprBase.l
Symlinking /tiago_public_ws/devel/share/roseus/ros/rosplan_knowledge_msgs/msg/KnowledgeItem.l
Symlinking /tiago_public_ws/devel/share/roseus/ros/rosplan_knowledge_msgs/msg/StatusUpdate.l
Symlinking /tiago_public_ws/devel/share/roseus/ros/rosplan_knowledge_msgs/msg/DomainAssignment.l
Symlinking /tiago_public_ws/devel/share/roseus/ros/rosplan_knowledge_msgs/srv/GetInstanceService.l
Symlinking /tiago_public_ws/devel/share/roseus/ros/rosplan_knowledge_msgs/srv/GenerateProblemService.l
Symlinking /tiago_public_ws/devel/share/roseus/ros/rosplan_knowledge_msgs/srv/GetRDDLParams.l
Symlinking /tiago_public_ws/devel/share/roseus/ros/rosplan_knowledge_msgs/srv/SetNamedBool.l
Symlinking /tiago_public_ws/devel/share/roseus/ros/rosplan_knowledge_msgs/srv/GetDomainNameService.l
Symlinking /tiago_public_ws/devel/share/roseus/ros/rosplan_knowledge_msgs/srv/GetDomainPredicateDetailsService.l
Symlinking /tiago_public_ws/devel/share/roseus/ros/rosplan_knowledge_msgs/srv/GetDomainAttributeService.l
Symlinking /tiago_public_ws/devel/share/roseus/ros/rosplan_knowledge_msgs/srv/KnowledgeQueryService.l
Symlinking /tiago_public_ws/devel/share/roseus/ros/rosplan_knowledge_msgs/srv/ReloadRDDLDomainProblem.l
Symlinking /tiago_public_ws/devel/share/roseus/ros/rosplan_knowledge_msgs/srv/GetRDDLImmediateReward.l
Symlinking /tiago_public_ws/devel/share/roseus/ros/rosplan_knowledge_msgs/srv/GetDomainTypeService.l
Symlinking /tiago_public_ws/devel/share/roseus/ros/rosplan_knowledge_msgs/srv/SetInt.l
Symlinking /tiago_public_ws/devel/share/roseus/ros/rosplan_knowledge_msgs/srv/GetDomainOperatorDetailsService.l
Symlinking /tiago_public_ws/devel/share/roseus/ros/rosplan_knowledge_msgs/srv/SetFloat.l
Symlinking /tiago_public_ws/devel/share/roseus/ros/rosplan_knowledge_msgs/srv/GetAttributeService.l
Symlinking /tiago_public_ws/devel/share/roseus/ros/rosplan_knowledge_msgs/srv/KnowledgeUpdateServiceArray.l
Symlinking /tiago_public_ws/devel/share/roseus/ros/rosplan_knowledge_msgs/srv/GetEnumerableTypeService.l
Symlinking /tiago_public_ws/devel/share/roseus/ros/rosplan_knowledge_msgs/srv/KnowledgeUpdateService.l
Symlinking /tiago_public_ws/devel/share/roseus/ros/rosplan_knowledge_msgs/srv/GetDomainOperatorService.l
Symlinking /tiago_public_ws/devel/share/roseus/ros/rosplan_knowledge_msgs/srv/GetRDDLFluentType.l
Symlinking /tiago_public_ws/devel/share/roseus/ros/rosplan_knowledge_msgs/srv/GetMetricService.l
Symlinking /tiago_public_ws/devel/share/common-lisp/ros/rosplan_knowledge_msgs/msg/DomainAssignment.lisp
Symlinking /tiago_public_ws/devel/share/common-lisp/ros/rosplan_knowledge_msgs/msg/_package_ExprBase.lisp
Symlinking /tiago_public_ws/devel/share/common-lisp/ros/rosplan_knowledge_msgs/msg/StatusUpdate.lisp
Symlinking /tiago_public_ws/devel/share/common-lisp/ros/rosplan_knowledge_msgs/msg/_package.lisp
Symlinking /tiago_public_ws/devel/share/common-lisp/ros/rosplan_knowledge_msgs/msg/_package_DomainOperator.lisp
Symlinking /tiago_public_ws/devel/share/common-lisp/ros/rosplan_knowledge_msgs/msg/_package_DomainFormula.lisp
Symlinking /tiago_public_ws/devel/share/common-lisp/ros/rosplan_knowledge_msgs/msg/ExprComposite.lisp
Symlinking /tiago_public_ws/devel/share/common-lisp/ros/rosplan_knowledge_msgs/msg/_package_StatusUpdate.lisp
Symlinking /tiago_public_ws/devel/share/common-lisp/ros/rosplan_knowledge_msgs/msg/DomainInequality.lisp
Symlinking /tiago_public_ws/devel/share/common-lisp/ros/rosplan_knowledge_msgs/msg/_package_ExprComposite.lisp
Symlinking /tiago_public_ws/devel/share/common-lisp/ros/rosplan_knowledge_msgs/msg/KnowledgeItem.lisp
Symlinking /tiago_public_ws/devel/share/common-lisp/ros/rosplan_knowledge_msgs/msg/_package_DomainAssignment.lisp
Symlinking /tiago_public_ws/devel/share/common-lisp/ros/rosplan_knowledge_msgs/msg/_package_KnowledgeItem.lisp
Symlinking /tiago_public_ws/devel/share/common-lisp/ros/rosplan_knowledge_msgs/msg/rosplan_knowledge_msgs-msg.asd
Symlinking /tiago_public_ws/devel/share/common-lisp/ros/rosplan_knowledge_msgs/msg/ExprBase.lisp
Symlinking /tiago_public_ws/devel/share/common-lisp/ros/rosplan_knowledge_msgs/msg/_package_ProbabilisticEffect.lisp
Symlinking /tiago_public_ws/devel/share/common-lisp/ros/rosplan_knowledge_msgs/msg/ProbabilisticEffect.lisp
Symlinking /tiago_public_ws/devel/share/common-lisp/ros/rosplan_knowledge_msgs/msg/_package_DomainInequality.lisp
Symlinking /tiago_public_ws/devel/share/common-lisp/ros/rosplan_knowledge_msgs/msg/DomainFormula.lisp
Symlinking /tiago_public_ws/devel/share/common-lisp/ros/rosplan_knowledge_msgs/msg/DomainOperator.lisp
Symlinking /tiago_public_ws/devel/share/common-lisp/ros/rosplan_knowledge_msgs/srv/GetDomainTypeService.lisp
Symlinking /tiago_public_ws/devel/share/common-lisp/ros/rosplan_knowledge_msgs/srv/_package_GetDomainTypeService.lisp
Symlinking /tiago_public_ws/devel/share/common-lisp/ros/rosplan_knowledge_msgs/srv/KnowledgeQueryService.lisp
Symlinking /tiago_public_ws/devel/share/common-lisp/ros/rosplan_knowledge_msgs/srv/SetNamedBool.lisp
Symlinking /tiago_public_ws/devel/share/common-lisp/ros/rosplan_knowledge_msgs/srv/_package_GetEnumerableTypeService.lisp
Symlinking /tiago_public_ws/devel/share/common-lisp/ros/rosplan_knowledge_msgs/srv/_package_GetRDDLFluentType.lisp
Symlinking /tiago_public_ws/devel/share/common-lisp/ros/rosplan_knowledge_msgs/srv/GenerateProblemService.lisp
Symlinking /tiago_public_ws/devel/share/common-lisp/ros/rosplan_knowledge_msgs/srv/_package_KnowledgeUpdateService.lisp
Symlinking /tiago_public_ws/devel/share/common-lisp/ros/rosplan_knowledge_msgs/srv/_package_GenerateProblemService.lisp
Symlinking /tiago_public_ws/devel/share/common-lisp/ros/rosplan_knowledge_msgs/srv/_package_GetDomainNameService.lisp
Symlinking /tiago_public_ws/devel/share/common-lisp/ros/rosplan_knowledge_msgs/srv/GetDomainAttributeService.lisp
Symlinking /tiago_public_ws/devel/share/common-lisp/ros/rosplan_knowledge_msgs/srv/rosplan_knowledge_msgs-srv.asd
Symlinking /tiago_public_ws/devel/share/common-lisp/ros/rosplan_knowledge_msgs/srv/_package.lisp
Symlinking /tiago_public_ws/devel/share/common-lisp/ros/rosplan_knowledge_msgs/srv/GetRDDLImmediateReward.lisp
Symlinking /tiago_public_ws/devel/share/common-lisp/ros/rosplan_knowledge_msgs/srv/GetRDDLParams.lisp
Symlinking /tiago_public_ws/devel/share/common-lisp/ros/rosplan_knowledge_msgs/srv/_package_GetMetricService.lisp
Symlinking /tiago_public_ws/devel/share/common-lisp/ros/rosplan_knowledge_msgs/srv/_package_GetAttributeService.lisp
Symlinking /tiago_public_ws/devel/share/common-lisp/ros/rosplan_knowledge_msgs/srv/GetMetricService.lisp
Symlinking /tiago_public_ws/devel/share/common-lisp/ros/rosplan_knowledge_msgs/srv/_package_SetNamedBool.lisp
Symlinking /tiago_public_ws/devel/share/common-lisp/ros/rosplan_knowledge_msgs/srv/_package_GetRDDLImmediateReward.lisp
Symlinking /tiago_public_ws/devel/share/common-lisp/ros/rosplan_knowledge_msgs/srv/_package_ReloadRDDLDomainProblem.lisp
Symlinking /tiago_public_ws/devel/share/common-lisp/ros/rosplan_knowledge_msgs/srv/GetRDDLFluentType.lisp
Symlinking /tiago_public_ws/devel/share/common-lisp/ros/rosplan_knowledge_msgs/srv/_package_GetDomainAttributeService.lisp
Symlinking /tiago_public_ws/devel/share/common-lisp/ros/rosplan_knowledge_msgs/srv/GetAttributeService.lisp
Symlinking /tiago_public_ws/devel/share/common-lisp/ros/rosplan_knowledge_msgs/srv/_package_GetDomainOperatorService.lisp
Symlinking /tiago_public_ws/devel/share/common-lisp/ros/rosplan_knowledge_msgs/srv/_package_GetDomainOperatorDetailsService.lisp
Symlinking /tiago_public_ws/devel/share/common-lisp/ros/rosplan_knowledge_msgs/srv/GetDomainNameService.lisp
Symlinking /tiago_public_ws/devel/share/common-lisp/ros/rosplan_knowledge_msgs/srv/_package_GetDomainPredicateDetailsService.lisp
Symlinking /tiago_public_ws/devel/share/common-lisp/ros/rosplan_knowledge_msgs/srv/GetInstanceService.lisp
Symlinking /tiago_public_ws/devel/share/common-lisp/ros/rosplan_knowledge_msgs/srv/GetEnumerableTypeService.lisp
Symlinking /tiago_public_ws/devel/share/common-lisp/ros/rosplan_knowledge_msgs/srv/KnowledgeUpdateServiceArray.lisp
Symlinking /tiago_public_ws/devel/share/common-lisp/ros/rosplan_knowledge_msgs/srv/SetFloat.lisp
Symlinking /tiago_public_ws/devel/share/common-lisp/ros/rosplan_knowledge_msgs/srv/GetDomainOperatorService.lisp
Symlinking /tiago_public_ws/devel/share/common-lisp/ros/rosplan_knowledge_msgs/srv/GetDomainOperatorDetailsService.lisp
Symlinking /tiago_public_ws/devel/share/common-lisp/ros/rosplan_knowledge_msgs/srv/_package_KnowledgeUpdateServiceArray.lisp
Symlinking /tiago_public_ws/devel/share/common-lisp/ros/rosplan_knowledge_msgs/srv/GetDomainPredicateDetailsService.lisp
Symlinking /tiago_public_ws/devel/share/common-lisp/ros/rosplan_knowledge_msgs/srv/_package_KnowledgeQueryService.lisp
Symlinking /tiago_public_ws/devel/share/common-lisp/ros/rosplan_knowledge_msgs/srv/_package_GetRDDLParams.lisp
Symlinking /tiago_public_ws/devel/share/common-lisp/ros/rosplan_knowledge_msgs/srv/_package_SetFloat.lisp
Symlinking /tiago_public_ws/devel/share/common-lisp/ros/rosplan_knowledge_msgs/srv/_package_GetInstanceService.lisp
Symlinking /tiago_public_ws/devel/share/common-lisp/ros/rosplan_knowledge_msgs/srv/SetInt.lisp
Symlinking /tiago_public_ws/devel/share/common-lisp/ros/rosplan_knowledge_msgs/srv/ReloadRDDLDomainProblem.lisp
Symlinking /tiago_public_ws/devel/share/common-lisp/ros/rosplan_knowledge_msgs/srv/KnowledgeUpdateService.lisp
Symlinking /tiago_public_ws/devel/share/common-lisp/ros/rosplan_knowledge_msgs/srv/_package_SetInt.lisp
