Determining if the pthread_create exist failed with the following output:
Change Dir: /tiago_public_ws/build/rosplan_knowledge_msgs/CMakeFiles/CMakeTmp

Run Build Command:"/usr/bin/make" "cmTC_51328/fast"
/usr/bin/make -f CMakeFiles/cmTC_51328.dir/build.make CMakeFiles/cmTC_51328.dir/build
make[1]: Entering directory '/tiago_public_ws/build/rosplan_knowledge_msgs/CMakeFiles/CMakeTmp'
Building C object CMakeFiles/cmTC_51328.dir/CheckSymbolExists.c.o
/usr/bin/cc    -o CMakeFiles/cmTC_51328.dir/CheckSymbolExists.c.o   -c /tiago_public_ws/build/rosplan_knowledge_msgs/CMakeFiles/CMakeTmp/CheckSymbolExists.c
Linking C executable cmTC_51328
/usr/bin/cmake -E cmake_link_script CMakeFiles/cmTC_51328.dir/link.txt --verbose=1
/usr/bin/cc      -rdynamic CMakeFiles/cmTC_51328.dir/CheckSymbolExists.c.o  -o cmTC_51328 
CMakeFiles/cmTC_51328.dir/CheckSymbolExists.c.o: In function `main':
CheckSymbolExists.c:(.text+0x1b): undefined reference to `pthread_create'
collect2: error: ld returned 1 exit status
CMakeFiles/cmTC_51328.dir/build.make:97: recipe for target 'cmTC_51328' failed
make[1]: *** [cmTC_51328] Error 1
make[1]: Leaving directory '/tiago_public_ws/build/rosplan_knowledge_msgs/CMakeFiles/CMakeTmp'
Makefile:126: recipe for target 'cmTC_51328/fast' failed
make: *** [cmTC_51328/fast] Error 2

File /tiago_public_ws/build/rosplan_knowledge_msgs/CMakeFiles/CMakeTmp/CheckSymbolExists.c:
/* */
#include <pthread.h>

int main(int argc, char** argv)
{
  (void)argv;
#ifndef pthread_create
  return ((int*)(&pthread_create))[argc];
#else
  (void)argc;
  return 0;
#endif
}

Determining if the function pthread_create exists in the pthreads failed with the following output:
Change Dir: /tiago_public_ws/build/rosplan_knowledge_msgs/CMakeFiles/CMakeTmp

Run Build Command:"/usr/bin/make" "cmTC_90202/fast"
/usr/bin/make -f CMakeFiles/cmTC_90202.dir/build.make CMakeFiles/cmTC_90202.dir/build
make[1]: Entering directory '/tiago_public_ws/build/rosplan_knowledge_msgs/CMakeFiles/CMakeTmp'
Building C object CMakeFiles/cmTC_90202.dir/CheckFunctionExists.c.o
/usr/bin/cc   -DCHECK_FUNCTION_EXISTS=pthread_create   -o CMakeFiles/cmTC_90202.dir/CheckFunctionExists.c.o   -c /usr/share/cmake-3.10/Modules/CheckFunctionExists.c
Linking C executable cmTC_90202
/usr/bin/cmake -E cmake_link_script CMakeFiles/cmTC_90202.dir/link.txt --verbose=1
/usr/bin/cc  -DCHECK_FUNCTION_EXISTS=pthread_create    -rdynamic CMakeFiles/cmTC_90202.dir/CheckFunctionExists.c.o  -o cmTC_90202 -lpthreads 
/usr/bin/ld: cannot find -lpthreads
collect2: error: ld returned 1 exit status
CMakeFiles/cmTC_90202.dir/build.make:97: recipe for target 'cmTC_90202' failed
make[1]: *** [cmTC_90202] Error 1
make[1]: Leaving directory '/tiago_public_ws/build/rosplan_knowledge_msgs/CMakeFiles/CMakeTmp'
Makefile:126: recipe for target 'cmTC_90202/fast' failed
make: *** [cmTC_90202/fast] Error 2


