Linked: (/tiago_public_ws/devel/.private/pal_control_msgs/lib/pkgconfig/pal_control_msgs.pc, /tiago_public_ws/devel/lib/pkgconfig/pal_control_msgs.pc)
Linked: (/tiago_public_ws/devel/.private/pal_control_msgs/lib/python2.7/dist-packages/pal_control_msgs/__init__.py, /tiago_public_ws/devel/lib/python2.7/dist-packages/pal_control_msgs/__init__.py)
Linked: (/tiago_public_ws/devel/.private/pal_control_msgs/lib/python2.7/dist-packages/pal_control_msgs/msg/_ActuatorCurrentLimit.py, /tiago_public_ws/devel/lib/python2.7/dist-packages/pal_control_msgs/msg/_ActuatorCurrentLimit.py)
Linked: (/tiago_public_ws/devel/.private/pal_control_msgs/lib/python2.7/dist-packages/pal_control_msgs/msg/_MotionManagerGoal.py, /tiago_public_ws/devel/lib/python2.7/dist-packages/pal_control_msgs/msg/_MotionManagerGoal.py)
Linked: (/tiago_public_ws/devel/.private/pal_control_msgs/lib/python2.7/dist-packages/pal_control_msgs/msg/_RigidBodyTrajectoryAction.py, /tiago_public_ws/devel/lib/python2.7/dist-packages/pal_control_msgs/msg/_RigidBodyTrajectoryAction.py)
Linked: (/tiago_public_ws/devel/.private/pal_control_msgs/lib/python2.7/dist-packages/pal_control_msgs/msg/_RigidBodyTrajectoryResult.py, /tiago_public_ws/devel/lib/python2.7/dist-packages/pal_control_msgs/msg/_RigidBodyTrajectoryResult.py)
Linked: (/tiago_public_ws/devel/.private/pal_control_msgs/lib/python2.7/dist-packages/pal_control_msgs/msg/_RigidBodyTrajectoryActionGoal.py, /tiago_public_ws/devel/lib/python2.7/dist-packages/pal_control_msgs/msg/_RigidBodyTrajectoryActionGoal.py)
Linked: (/tiago_public_ws/devel/.private/pal_control_msgs/lib/python2.7/dist-packages/pal_control_msgs/msg/_MotionManagerActionResult.py, /tiago_public_ws/devel/lib/python2.7/dist-packages/pal_control_msgs/msg/_MotionManagerActionResult.py)
Linked: (/tiago_public_ws/devel/.private/pal_control_msgs/lib/python2.7/dist-packages/pal_control_msgs/msg/_MotionManagerActionFeedback.py, /tiago_public_ws/devel/lib/python2.7/dist-packages/pal_control_msgs/msg/_MotionManagerActionFeedback.py)
Linked: (/tiago_public_ws/devel/.private/pal_control_msgs/lib/python2.7/dist-packages/pal_control_msgs/msg/_RigidBodyTrajectoryPoint.py, /tiago_public_ws/devel/lib/python2.7/dist-packages/pal_control_msgs/msg/_RigidBodyTrajectoryPoint.py)
Linked: (/tiago_public_ws/devel/.private/pal_control_msgs/lib/python2.7/dist-packages/pal_control_msgs/msg/_RigidBodyTrajectoryActionResult.py, /tiago_public_ws/devel/lib/python2.7/dist-packages/pal_control_msgs/msg/_RigidBodyTrajectoryActionResult.py)
Linked: (/tiago_public_ws/devel/.private/pal_control_msgs/lib/python2.7/dist-packages/pal_control_msgs/msg/_MotionManagerAction.py, /tiago_public_ws/devel/lib/python2.7/dist-packages/pal_control_msgs/msg/_MotionManagerAction.py)
Linked: (/tiago_public_ws/devel/.private/pal_control_msgs/lib/python2.7/dist-packages/pal_control_msgs/msg/_RigidBodyTrajectoryActionFeedback.py, /tiago_public_ws/devel/lib/python2.7/dist-packages/pal_control_msgs/msg/_RigidBodyTrajectoryActionFeedback.py)
Linked: (/tiago_public_ws/devel/.private/pal_control_msgs/lib/python2.7/dist-packages/pal_control_msgs/msg/_OperationalSpaceGoal.py, /tiago_public_ws/devel/lib/python2.7/dist-packages/pal_control_msgs/msg/_OperationalSpaceGoal.py)
Linked: (/tiago_public_ws/devel/.private/pal_control_msgs/lib/python2.7/dist-packages/pal_control_msgs/msg/_MotionManagerFeedback.py, /tiago_public_ws/devel/lib/python2.7/dist-packages/pal_control_msgs/msg/_MotionManagerFeedback.py)
Linked: (/tiago_public_ws/devel/.private/pal_control_msgs/lib/python2.7/dist-packages/pal_control_msgs/msg/__init__.py, /tiago_public_ws/devel/lib/python2.7/dist-packages/pal_control_msgs/msg/__init__.py)
Linked: (/tiago_public_ws/devel/.private/pal_control_msgs/lib/python2.7/dist-packages/pal_control_msgs/msg/_MotionManagerResult.py, /tiago_public_ws/devel/lib/python2.7/dist-packages/pal_control_msgs/msg/_MotionManagerResult.py)
Linked: (/tiago_public_ws/devel/.private/pal_control_msgs/lib/python2.7/dist-packages/pal_control_msgs/msg/_MotionManagerActionGoal.py, /tiago_public_ws/devel/lib/python2.7/dist-packages/pal_control_msgs/msg/_MotionManagerActionGoal.py)
Linked: (/tiago_public_ws/devel/.private/pal_control_msgs/lib/python2.7/dist-packages/pal_control_msgs/msg/_RigidBodyTrajectoryGoal.py, /tiago_public_ws/devel/lib/python2.7/dist-packages/pal_control_msgs/msg/_RigidBodyTrajectoryGoal.py)
Linked: (/tiago_public_ws/devel/.private/pal_control_msgs/lib/python2.7/dist-packages/pal_control_msgs/msg/_RigidBodyTrajectoryFeedback.py, /tiago_public_ws/devel/lib/python2.7/dist-packages/pal_control_msgs/msg/_RigidBodyTrajectoryFeedback.py)
Linked: (/tiago_public_ws/devel/.private/pal_control_msgs/lib/python2.7/dist-packages/pal_control_msgs/srv/_CurrentLimit.py, /tiago_public_ws/devel/lib/python2.7/dist-packages/pal_control_msgs/srv/_CurrentLimit.py)
Linked: (/tiago_public_ws/devel/.private/pal_control_msgs/lib/python2.7/dist-packages/pal_control_msgs/srv/__init__.py, /tiago_public_ws/devel/lib/python2.7/dist-packages/pal_control_msgs/srv/__init__.py)
Linked: (/tiago_public_ws/devel/.private/pal_control_msgs/include/pal_control_msgs/MotionManagerGoal.h, /tiago_public_ws/devel/include/pal_control_msgs/MotionManagerGoal.h)
Linked: (/tiago_public_ws/devel/.private/pal_control_msgs/include/pal_control_msgs/RigidBodyTrajectoryAction.h, /tiago_public_ws/devel/include/pal_control_msgs/RigidBodyTrajectoryAction.h)
Linked: (/tiago_public_ws/devel/.private/pal_control_msgs/include/pal_control_msgs/MotionManagerResult.h, /tiago_public_ws/devel/include/pal_control_msgs/MotionManagerResult.h)
Linked: (/tiago_public_ws/devel/.private/pal_control_msgs/include/pal_control_msgs/CurrentLimitResponse.h, /tiago_public_ws/devel/include/pal_control_msgs/CurrentLimitResponse.h)
Linked: (/tiago_public_ws/devel/.private/pal_control_msgs/include/pal_control_msgs/CurrentLimitRequest.h, /tiago_public_ws/devel/include/pal_control_msgs/CurrentLimitRequest.h)
Linked: (/tiago_public_ws/devel/.private/pal_control_msgs/include/pal_control_msgs/RigidBodyTrajectoryActionGoal.h, /tiago_public_ws/devel/include/pal_control_msgs/RigidBodyTrajectoryActionGoal.h)
Linked: (/tiago_public_ws/devel/.private/pal_control_msgs/include/pal_control_msgs/MotionManagerAction.h, /tiago_public_ws/devel/include/pal_control_msgs/MotionManagerAction.h)
Linked: (/tiago_public_ws/devel/.private/pal_control_msgs/include/pal_control_msgs/MotionManagerActionFeedback.h, /tiago_public_ws/devel/include/pal_control_msgs/MotionManagerActionFeedback.h)
Linked: (/tiago_public_ws/devel/.private/pal_control_msgs/include/pal_control_msgs/MotionManagerFeedback.h, /tiago_public_ws/devel/include/pal_control_msgs/MotionManagerFeedback.h)
Linked: (/tiago_public_ws/devel/.private/pal_control_msgs/include/pal_control_msgs/ActuatorCurrentLimit.h, /tiago_public_ws/devel/include/pal_control_msgs/ActuatorCurrentLimit.h)
Linked: (/tiago_public_ws/devel/.private/pal_control_msgs/include/pal_control_msgs/OperationalSpaceGoal.h, /tiago_public_ws/devel/include/pal_control_msgs/OperationalSpaceGoal.h)
Linked: (/tiago_public_ws/devel/.private/pal_control_msgs/include/pal_control_msgs/RigidBodyTrajectoryFeedback.h, /tiago_public_ws/devel/include/pal_control_msgs/RigidBodyTrajectoryFeedback.h)
Linked: (/tiago_public_ws/devel/.private/pal_control_msgs/include/pal_control_msgs/RigidBodyTrajectoryActionResult.h, /tiago_public_ws/devel/include/pal_control_msgs/RigidBodyTrajectoryActionResult.h)
Linked: (/tiago_public_ws/devel/.private/pal_control_msgs/include/pal_control_msgs/MotionManagerActionGoal.h, /tiago_public_ws/devel/include/pal_control_msgs/MotionManagerActionGoal.h)
Linked: (/tiago_public_ws/devel/.private/pal_control_msgs/include/pal_control_msgs/RigidBodyTrajectoryGoal.h, /tiago_public_ws/devel/include/pal_control_msgs/RigidBodyTrajectoryGoal.h)
Linked: (/tiago_public_ws/devel/.private/pal_control_msgs/include/pal_control_msgs/RigidBodyTrajectoryResult.h, /tiago_public_ws/devel/include/pal_control_msgs/RigidBodyTrajectoryResult.h)
Linked: (/tiago_public_ws/devel/.private/pal_control_msgs/include/pal_control_msgs/RigidBodyTrajectoryActionFeedback.h, /tiago_public_ws/devel/include/pal_control_msgs/RigidBodyTrajectoryActionFeedback.h)
Linked: (/tiago_public_ws/devel/.private/pal_control_msgs/include/pal_control_msgs/RigidBodyTrajectoryPoint.h, /tiago_public_ws/devel/include/pal_control_msgs/RigidBodyTrajectoryPoint.h)
Linked: (/tiago_public_ws/devel/.private/pal_control_msgs/include/pal_control_msgs/CurrentLimit.h, /tiago_public_ws/devel/include/pal_control_msgs/CurrentLimit.h)
Linked: (/tiago_public_ws/devel/.private/pal_control_msgs/include/pal_control_msgs/MotionManagerActionResult.h, /tiago_public_ws/devel/include/pal_control_msgs/MotionManagerActionResult.h)
Linked: (/tiago_public_ws/devel/.private/pal_control_msgs/share/gennodejs/ros/pal_control_msgs/_index.js, /tiago_public_ws/devel/share/gennodejs/ros/pal_control_msgs/_index.js)
Linked: (/tiago_public_ws/devel/.private/pal_control_msgs/share/gennodejs/ros/pal_control_msgs/msg/RigidBodyTrajectoryPoint.js, /tiago_public_ws/devel/share/gennodejs/ros/pal_control_msgs/msg/RigidBodyTrajectoryPoint.js)
Linked: (/tiago_public_ws/devel/.private/pal_control_msgs/share/gennodejs/ros/pal_control_msgs/msg/MotionManagerActionGoal.js, /tiago_public_ws/devel/share/gennodejs/ros/pal_control_msgs/msg/MotionManagerActionGoal.js)
Linked: (/tiago_public_ws/devel/.private/pal_control_msgs/share/gennodejs/ros/pal_control_msgs/msg/RigidBodyTrajectoryActionResult.js, /tiago_public_ws/devel/share/gennodejs/ros/pal_control_msgs/msg/RigidBodyTrajectoryActionResult.js)
Linked: (/tiago_public_ws/devel/.private/pal_control_msgs/share/gennodejs/ros/pal_control_msgs/msg/MotionManagerGoal.js, /tiago_public_ws/devel/share/gennodejs/ros/pal_control_msgs/msg/MotionManagerGoal.js)
Linked: (/tiago_public_ws/devel/.private/pal_control_msgs/share/gennodejs/ros/pal_control_msgs/msg/RigidBodyTrajectoryGoal.js, /tiago_public_ws/devel/share/gennodejs/ros/pal_control_msgs/msg/RigidBodyTrajectoryGoal.js)
Linked: (/tiago_public_ws/devel/.private/pal_control_msgs/share/gennodejs/ros/pal_control_msgs/msg/MotionManagerActionResult.js, /tiago_public_ws/devel/share/gennodejs/ros/pal_control_msgs/msg/MotionManagerActionResult.js)
Linked: (/tiago_public_ws/devel/.private/pal_control_msgs/share/gennodejs/ros/pal_control_msgs/msg/RigidBodyTrajectoryActionGoal.js, /tiago_public_ws/devel/share/gennodejs/ros/pal_control_msgs/msg/RigidBodyTrajectoryActionGoal.js)
Linked: (/tiago_public_ws/devel/.private/pal_control_msgs/share/gennodejs/ros/pal_control_msgs/msg/MotionManagerResult.js, /tiago_public_ws/devel/share/gennodejs/ros/pal_control_msgs/msg/MotionManagerResult.js)
Linked: (/tiago_public_ws/devel/.private/pal_control_msgs/share/gennodejs/ros/pal_control_msgs/msg/_index.js, /tiago_public_ws/devel/share/gennodejs/ros/pal_control_msgs/msg/_index.js)
Linked: (/tiago_public_ws/devel/.private/pal_control_msgs/share/gennodejs/ros/pal_control_msgs/msg/RigidBodyTrajectoryResult.js, /tiago_public_ws/devel/share/gennodejs/ros/pal_control_msgs/msg/RigidBodyTrajectoryResult.js)
Linked: (/tiago_public_ws/devel/.private/pal_control_msgs/share/gennodejs/ros/pal_control_msgs/msg/MotionManagerFeedback.js, /tiago_public_ws/devel/share/gennodejs/ros/pal_control_msgs/msg/MotionManagerFeedback.js)
Linked: (/tiago_public_ws/devel/.private/pal_control_msgs/share/gennodejs/ros/pal_control_msgs/msg/RigidBodyTrajectoryAction.js, /tiago_public_ws/devel/share/gennodejs/ros/pal_control_msgs/msg/RigidBodyTrajectoryAction.js)
Linked: (/tiago_public_ws/devel/.private/pal_control_msgs/share/gennodejs/ros/pal_control_msgs/msg/OperationalSpaceGoal.js, /tiago_public_ws/devel/share/gennodejs/ros/pal_control_msgs/msg/OperationalSpaceGoal.js)
Linked: (/tiago_public_ws/devel/.private/pal_control_msgs/share/gennodejs/ros/pal_control_msgs/msg/RigidBodyTrajectoryFeedback.js, /tiago_public_ws/devel/share/gennodejs/ros/pal_control_msgs/msg/RigidBodyTrajectoryFeedback.js)
Linked: (/tiago_public_ws/devel/.private/pal_control_msgs/share/gennodejs/ros/pal_control_msgs/msg/MotionManagerAction.js, /tiago_public_ws/devel/share/gennodejs/ros/pal_control_msgs/msg/MotionManagerAction.js)
Linked: (/tiago_public_ws/devel/.private/pal_control_msgs/share/gennodejs/ros/pal_control_msgs/msg/MotionManagerActionFeedback.js, /tiago_public_ws/devel/share/gennodejs/ros/pal_control_msgs/msg/MotionManagerActionFeedback.js)
Linked: (/tiago_public_ws/devel/.private/pal_control_msgs/share/gennodejs/ros/pal_control_msgs/msg/ActuatorCurrentLimit.js, /tiago_public_ws/devel/share/gennodejs/ros/pal_control_msgs/msg/ActuatorCurrentLimit.js)
Linked: (/tiago_public_ws/devel/.private/pal_control_msgs/share/gennodejs/ros/pal_control_msgs/msg/RigidBodyTrajectoryActionFeedback.js, /tiago_public_ws/devel/share/gennodejs/ros/pal_control_msgs/msg/RigidBodyTrajectoryActionFeedback.js)
Linked: (/tiago_public_ws/devel/.private/pal_control_msgs/share/gennodejs/ros/pal_control_msgs/srv/_index.js, /tiago_public_ws/devel/share/gennodejs/ros/pal_control_msgs/srv/_index.js)
Linked: (/tiago_public_ws/devel/.private/pal_control_msgs/share/gennodejs/ros/pal_control_msgs/srv/CurrentLimit.js, /tiago_public_ws/devel/share/gennodejs/ros/pal_control_msgs/srv/CurrentLimit.js)
Linked: (/tiago_public_ws/devel/.private/pal_control_msgs/share/pal_control_msgs/msg/MotionManagerActionResult.msg, /tiago_public_ws/devel/share/pal_control_msgs/msg/MotionManagerActionResult.msg)
Linked: (/tiago_public_ws/devel/.private/pal_control_msgs/share/pal_control_msgs/msg/RigidBodyTrajectoryAction.msg, /tiago_public_ws/devel/share/pal_control_msgs/msg/RigidBodyTrajectoryAction.msg)
Linked: (/tiago_public_ws/devel/.private/pal_control_msgs/share/pal_control_msgs/msg/MotionManagerAction.msg, /tiago_public_ws/devel/share/pal_control_msgs/msg/MotionManagerAction.msg)
Linked: (/tiago_public_ws/devel/.private/pal_control_msgs/share/pal_control_msgs/msg/RigidBodyTrajectoryActionResult.msg, /tiago_public_ws/devel/share/pal_control_msgs/msg/RigidBodyTrajectoryActionResult.msg)
Linked: (/tiago_public_ws/devel/.private/pal_control_msgs/share/pal_control_msgs/msg/MotionManagerFeedback.msg, /tiago_public_ws/devel/share/pal_control_msgs/msg/MotionManagerFeedback.msg)
Linked: (/tiago_public_ws/devel/.private/pal_control_msgs/share/pal_control_msgs/msg/MotionManagerGoal.msg, /tiago_public_ws/devel/share/pal_control_msgs/msg/MotionManagerGoal.msg)
Linked: (/tiago_public_ws/devel/.private/pal_control_msgs/share/pal_control_msgs/msg/MotionManagerResult.msg, /tiago_public_ws/devel/share/pal_control_msgs/msg/MotionManagerResult.msg)
Linked: (/tiago_public_ws/devel/.private/pal_control_msgs/share/pal_control_msgs/msg/MotionManagerActionFeedback.msg, /tiago_public_ws/devel/share/pal_control_msgs/msg/MotionManagerActionFeedback.msg)
Linked: (/tiago_public_ws/devel/.private/pal_control_msgs/share/pal_control_msgs/msg/RigidBodyTrajectoryResult.msg, /tiago_public_ws/devel/share/pal_control_msgs/msg/RigidBodyTrajectoryResult.msg)
Linked: (/tiago_public_ws/devel/.private/pal_control_msgs/share/pal_control_msgs/msg/MotionManagerActionGoal.msg, /tiago_public_ws/devel/share/pal_control_msgs/msg/MotionManagerActionGoal.msg)
Linked: (/tiago_public_ws/devel/.private/pal_control_msgs/share/pal_control_msgs/msg/RigidBodyTrajectoryGoal.msg, /tiago_public_ws/devel/share/pal_control_msgs/msg/RigidBodyTrajectoryGoal.msg)
Linked: (/tiago_public_ws/devel/.private/pal_control_msgs/share/pal_control_msgs/msg/RigidBodyTrajectoryActionFeedback.msg, /tiago_public_ws/devel/share/pal_control_msgs/msg/RigidBodyTrajectoryActionFeedback.msg)
Linked: (/tiago_public_ws/devel/.private/pal_control_msgs/share/pal_control_msgs/msg/RigidBodyTrajectoryFeedback.msg, /tiago_public_ws/devel/share/pal_control_msgs/msg/RigidBodyTrajectoryFeedback.msg)
Linked: (/tiago_public_ws/devel/.private/pal_control_msgs/share/pal_control_msgs/msg/RigidBodyTrajectoryActionGoal.msg, /tiago_public_ws/devel/share/pal_control_msgs/msg/RigidBodyTrajectoryActionGoal.msg)
Linked: (/tiago_public_ws/devel/.private/pal_control_msgs/share/pal_control_msgs/cmake/pal_control_msgsConfig.cmake, /tiago_public_ws/devel/share/pal_control_msgs/cmake/pal_control_msgsConfig.cmake)
Linked: (/tiago_public_ws/devel/.private/pal_control_msgs/share/pal_control_msgs/cmake/pal_control_msgs-msg-paths.cmake, /tiago_public_ws/devel/share/pal_control_msgs/cmake/pal_control_msgs-msg-paths.cmake)
Linked: (/tiago_public_ws/devel/.private/pal_control_msgs/share/pal_control_msgs/cmake/pal_control_msgs-msg-extras.cmake, /tiago_public_ws/devel/share/pal_control_msgs/cmake/pal_control_msgs-msg-extras.cmake)
Linked: (/tiago_public_ws/devel/.private/pal_control_msgs/share/pal_control_msgs/cmake/pal_control_msgsConfig-version.cmake, /tiago_public_ws/devel/share/pal_control_msgs/cmake/pal_control_msgsConfig-version.cmake)
Linked: (/tiago_public_ws/devel/.private/pal_control_msgs/share/roseus/ros/pal_control_msgs/manifest.l, /tiago_public_ws/devel/share/roseus/ros/pal_control_msgs/manifest.l)
Linked: (/tiago_public_ws/devel/.private/pal_control_msgs/share/roseus/ros/pal_control_msgs/msg/MotionManagerResult.l, /tiago_public_ws/devel/share/roseus/ros/pal_control_msgs/msg/MotionManagerResult.l)
Linked: (/tiago_public_ws/devel/.private/pal_control_msgs/share/roseus/ros/pal_control_msgs/msg/RigidBodyTrajectoryGoal.l, /tiago_public_ws/devel/share/roseus/ros/pal_control_msgs/msg/RigidBodyTrajectoryGoal.l)
Linked: (/tiago_public_ws/devel/.private/pal_control_msgs/share/roseus/ros/pal_control_msgs/msg/RigidBodyTrajectoryAction.l, /tiago_public_ws/devel/share/roseus/ros/pal_control_msgs/msg/RigidBodyTrajectoryAction.l)
Linked: (/tiago_public_ws/devel/.private/pal_control_msgs/share/roseus/ros/pal_control_msgs/msg/MotionManagerActionResult.l, /tiago_public_ws/devel/share/roseus/ros/pal_control_msgs/msg/MotionManagerActionResult.l)
Linked: (/tiago_public_ws/devel/.private/pal_control_msgs/share/roseus/ros/pal_control_msgs/msg/OperationalSpaceGoal.l, /tiago_public_ws/devel/share/roseus/ros/pal_control_msgs/msg/OperationalSpaceGoal.l)
Linked: (/tiago_public_ws/devel/.private/pal_control_msgs/share/roseus/ros/pal_control_msgs/msg/RigidBodyTrajectoryPoint.l, /tiago_public_ws/devel/share/roseus/ros/pal_control_msgs/msg/RigidBodyTrajectoryPoint.l)
Linked: (/tiago_public_ws/devel/.private/pal_control_msgs/share/roseus/ros/pal_control_msgs/msg/MotionManagerActionGoal.l, /tiago_public_ws/devel/share/roseus/ros/pal_control_msgs/msg/MotionManagerActionGoal.l)
Linked: (/tiago_public_ws/devel/.private/pal_control_msgs/share/roseus/ros/pal_control_msgs/msg/MotionManagerActionFeedback.l, /tiago_public_ws/devel/share/roseus/ros/pal_control_msgs/msg/MotionManagerActionFeedback.l)
Linked: (/tiago_public_ws/devel/.private/pal_control_msgs/share/roseus/ros/pal_control_msgs/msg/MotionManagerGoal.l, /tiago_public_ws/devel/share/roseus/ros/pal_control_msgs/msg/MotionManagerGoal.l)
Linked: (/tiago_public_ws/devel/.private/pal_control_msgs/share/roseus/ros/pal_control_msgs/msg/RigidBodyTrajectoryActionFeedback.l, /tiago_public_ws/devel/share/roseus/ros/pal_control_msgs/msg/RigidBodyTrajectoryActionFeedback.l)
Linked: (/tiago_public_ws/devel/.private/pal_control_msgs/share/roseus/ros/pal_control_msgs/msg/MotionManagerAction.l, /tiago_public_ws/devel/share/roseus/ros/pal_control_msgs/msg/MotionManagerAction.l)
Linked: (/tiago_public_ws/devel/.private/pal_control_msgs/share/roseus/ros/pal_control_msgs/msg/RigidBodyTrajectoryFeedback.l, /tiago_public_ws/devel/share/roseus/ros/pal_control_msgs/msg/RigidBodyTrajectoryFeedback.l)
Linked: (/tiago_public_ws/devel/.private/pal_control_msgs/share/roseus/ros/pal_control_msgs/msg/MotionManagerFeedback.l, /tiago_public_ws/devel/share/roseus/ros/pal_control_msgs/msg/MotionManagerFeedback.l)
Linked: (/tiago_public_ws/devel/.private/pal_control_msgs/share/roseus/ros/pal_control_msgs/msg/ActuatorCurrentLimit.l, /tiago_public_ws/devel/share/roseus/ros/pal_control_msgs/msg/ActuatorCurrentLimit.l)
Linked: (/tiago_public_ws/devel/.private/pal_control_msgs/share/roseus/ros/pal_control_msgs/msg/RigidBodyTrajectoryActionResult.l, /tiago_public_ws/devel/share/roseus/ros/pal_control_msgs/msg/RigidBodyTrajectoryActionResult.l)
Linked: (/tiago_public_ws/devel/.private/pal_control_msgs/share/roseus/ros/pal_control_msgs/msg/RigidBodyTrajectoryResult.l, /tiago_public_ws/devel/share/roseus/ros/pal_control_msgs/msg/RigidBodyTrajectoryResult.l)
Linked: (/tiago_public_ws/devel/.private/pal_control_msgs/share/roseus/ros/pal_control_msgs/msg/RigidBodyTrajectoryActionGoal.l, /tiago_public_ws/devel/share/roseus/ros/pal_control_msgs/msg/RigidBodyTrajectoryActionGoal.l)
Linked: (/tiago_public_ws/devel/.private/pal_control_msgs/share/roseus/ros/pal_control_msgs/srv/CurrentLimit.l, /tiago_public_ws/devel/share/roseus/ros/pal_control_msgs/srv/CurrentLimit.l)
Linked: (/tiago_public_ws/devel/.private/pal_control_msgs/share/common-lisp/ros/pal_control_msgs/msg/MotionManagerFeedback.lisp, /tiago_public_ws/devel/share/common-lisp/ros/pal_control_msgs/msg/MotionManagerFeedback.lisp)
Linked: (/tiago_public_ws/devel/.private/pal_control_msgs/share/common-lisp/ros/pal_control_msgs/msg/_package_RigidBodyTrajectoryActionGoal.lisp, /tiago_public_ws/devel/share/common-lisp/ros/pal_control_msgs/msg/_package_RigidBodyTrajectoryActionGoal.lisp)
Linked: (/tiago_public_ws/devel/.private/pal_control_msgs/share/common-lisp/ros/pal_control_msgs/msg/_package_RigidBodyTrajectoryPoint.lisp, /tiago_public_ws/devel/share/common-lisp/ros/pal_control_msgs/msg/_package_RigidBodyTrajectoryPoint.lisp)
Linked: (/tiago_public_ws/devel/.private/pal_control_msgs/share/common-lisp/ros/pal_control_msgs/msg/MotionManagerAction.lisp, /tiago_public_ws/devel/share/common-lisp/ros/pal_control_msgs/msg/MotionManagerAction.lisp)
Linked: (/tiago_public_ws/devel/.private/pal_control_msgs/share/common-lisp/ros/pal_control_msgs/msg/MotionManagerGoal.lisp, /tiago_public_ws/devel/share/common-lisp/ros/pal_control_msgs/msg/MotionManagerGoal.lisp)
Linked: (/tiago_public_ws/devel/.private/pal_control_msgs/share/common-lisp/ros/pal_control_msgs/msg/RigidBodyTrajectoryResult.lisp, /tiago_public_ws/devel/share/common-lisp/ros/pal_control_msgs/msg/RigidBodyTrajectoryResult.lisp)
Linked: (/tiago_public_ws/devel/.private/pal_control_msgs/share/common-lisp/ros/pal_control_msgs/msg/RigidBodyTrajectoryFeedback.lisp, /tiago_public_ws/devel/share/common-lisp/ros/pal_control_msgs/msg/RigidBodyTrajectoryFeedback.lisp)
Linked: (/tiago_public_ws/devel/.private/pal_control_msgs/share/common-lisp/ros/pal_control_msgs/msg/RigidBodyTrajectoryActionGoal.lisp, /tiago_public_ws/devel/share/common-lisp/ros/pal_control_msgs/msg/RigidBodyTrajectoryActionGoal.lisp)
Linked: (/tiago_public_ws/devel/.private/pal_control_msgs/share/common-lisp/ros/pal_control_msgs/msg/_package_MotionManagerActionGoal.lisp, /tiago_public_ws/devel/share/common-lisp/ros/pal_control_msgs/msg/_package_MotionManagerActionGoal.lisp)
Linked: (/tiago_public_ws/devel/.private/pal_control_msgs/share/common-lisp/ros/pal_control_msgs/msg/RigidBodyTrajectoryGoal.lisp, /tiago_public_ws/devel/share/common-lisp/ros/pal_control_msgs/msg/RigidBodyTrajectoryGoal.lisp)
Linked: (/tiago_public_ws/devel/.private/pal_control_msgs/share/common-lisp/ros/pal_control_msgs/msg/RigidBodyTrajectoryPoint.lisp, /tiago_public_ws/devel/share/common-lisp/ros/pal_control_msgs/msg/RigidBodyTrajectoryPoint.lisp)
Linked: (/tiago_public_ws/devel/.private/pal_control_msgs/share/common-lisp/ros/pal_control_msgs/msg/_package.lisp, /tiago_public_ws/devel/share/common-lisp/ros/pal_control_msgs/msg/_package.lisp)
Linked: (/tiago_public_ws/devel/.private/pal_control_msgs/share/common-lisp/ros/pal_control_msgs/msg/_package_RigidBodyTrajectoryFeedback.lisp, /tiago_public_ws/devel/share/common-lisp/ros/pal_control_msgs/msg/_package_RigidBodyTrajectoryFeedback.lisp)
Linked: (/tiago_public_ws/devel/.private/pal_control_msgs/share/common-lisp/ros/pal_control_msgs/msg/_package_RigidBodyTrajectoryActionResult.lisp, /tiago_public_ws/devel/share/common-lisp/ros/pal_control_msgs/msg/_package_RigidBodyTrajectoryActionResult.lisp)
Linked: (/tiago_public_ws/devel/.private/pal_control_msgs/share/common-lisp/ros/pal_control_msgs/msg/_package_RigidBodyTrajectoryActionFeedback.lisp, /tiago_public_ws/devel/share/common-lisp/ros/pal_control_msgs/msg/_package_RigidBodyTrajectoryActionFeedback.lisp)
Linked: (/tiago_public_ws/devel/.private/pal_control_msgs/share/common-lisp/ros/pal_control_msgs/msg/_package_MotionManagerFeedback.lisp, /tiago_public_ws/devel/share/common-lisp/ros/pal_control_msgs/msg/_package_MotionManagerFeedback.lisp)
Linked: (/tiago_public_ws/devel/.private/pal_control_msgs/share/common-lisp/ros/pal_control_msgs/msg/_package_MotionManagerActionFeedback.lisp, /tiago_public_ws/devel/share/common-lisp/ros/pal_control_msgs/msg/_package_MotionManagerActionFeedback.lisp)
Linked: (/tiago_public_ws/devel/.private/pal_control_msgs/share/common-lisp/ros/pal_control_msgs/msg/MotionManagerActionGoal.lisp, /tiago_public_ws/devel/share/common-lisp/ros/pal_control_msgs/msg/MotionManagerActionGoal.lisp)
Linked: (/tiago_public_ws/devel/.private/pal_control_msgs/share/common-lisp/ros/pal_control_msgs/msg/_package_MotionManagerAction.lisp, /tiago_public_ws/devel/share/common-lisp/ros/pal_control_msgs/msg/_package_MotionManagerAction.lisp)
Linked: (/tiago_public_ws/devel/.private/pal_control_msgs/share/common-lisp/ros/pal_control_msgs/msg/_package_MotionManagerGoal.lisp, /tiago_public_ws/devel/share/common-lisp/ros/pal_control_msgs/msg/_package_MotionManagerGoal.lisp)
Linked: (/tiago_public_ws/devel/.private/pal_control_msgs/share/common-lisp/ros/pal_control_msgs/msg/pal_control_msgs-msg.asd, /tiago_public_ws/devel/share/common-lisp/ros/pal_control_msgs/msg/pal_control_msgs-msg.asd)
Linked: (/tiago_public_ws/devel/.private/pal_control_msgs/share/common-lisp/ros/pal_control_msgs/msg/RigidBodyTrajectoryAction.lisp, /tiago_public_ws/devel/share/common-lisp/ros/pal_control_msgs/msg/RigidBodyTrajectoryAction.lisp)
Linked: (/tiago_public_ws/devel/.private/pal_control_msgs/share/common-lisp/ros/pal_control_msgs/msg/MotionManagerResult.lisp, /tiago_public_ws/devel/share/common-lisp/ros/pal_control_msgs/msg/MotionManagerResult.lisp)
Linked: (/tiago_public_ws/devel/.private/pal_control_msgs/share/common-lisp/ros/pal_control_msgs/msg/_package_RigidBodyTrajectoryAction.lisp, /tiago_public_ws/devel/share/common-lisp/ros/pal_control_msgs/msg/_package_RigidBodyTrajectoryAction.lisp)
Linked: (/tiago_public_ws/devel/.private/pal_control_msgs/share/common-lisp/ros/pal_control_msgs/msg/OperationalSpaceGoal.lisp, /tiago_public_ws/devel/share/common-lisp/ros/pal_control_msgs/msg/OperationalSpaceGoal.lisp)
Linked: (/tiago_public_ws/devel/.private/pal_control_msgs/share/common-lisp/ros/pal_control_msgs/msg/_package_ActuatorCurrentLimit.lisp, /tiago_public_ws/devel/share/common-lisp/ros/pal_control_msgs/msg/_package_ActuatorCurrentLimit.lisp)
Linked: (/tiago_public_ws/devel/.private/pal_control_msgs/share/common-lisp/ros/pal_control_msgs/msg/_package_RigidBodyTrajectoryGoal.lisp, /tiago_public_ws/devel/share/common-lisp/ros/pal_control_msgs/msg/_package_RigidBodyTrajectoryGoal.lisp)
Linked: (/tiago_public_ws/devel/.private/pal_control_msgs/share/common-lisp/ros/pal_control_msgs/msg/_package_RigidBodyTrajectoryResult.lisp, /tiago_public_ws/devel/share/common-lisp/ros/pal_control_msgs/msg/_package_RigidBodyTrajectoryResult.lisp)
Linked: (/tiago_public_ws/devel/.private/pal_control_msgs/share/common-lisp/ros/pal_control_msgs/msg/RigidBodyTrajectoryActionResult.lisp, /tiago_public_ws/devel/share/common-lisp/ros/pal_control_msgs/msg/RigidBodyTrajectoryActionResult.lisp)
Linked: (/tiago_public_ws/devel/.private/pal_control_msgs/share/common-lisp/ros/pal_control_msgs/msg/ActuatorCurrentLimit.lisp, /tiago_public_ws/devel/share/common-lisp/ros/pal_control_msgs/msg/ActuatorCurrentLimit.lisp)
Linked: (/tiago_public_ws/devel/.private/pal_control_msgs/share/common-lisp/ros/pal_control_msgs/msg/MotionManagerActionFeedback.lisp, /tiago_public_ws/devel/share/common-lisp/ros/pal_control_msgs/msg/MotionManagerActionFeedback.lisp)
Linked: (/tiago_public_ws/devel/.private/pal_control_msgs/share/common-lisp/ros/pal_control_msgs/msg/_package_MotionManagerResult.lisp, /tiago_public_ws/devel/share/common-lisp/ros/pal_control_msgs/msg/_package_MotionManagerResult.lisp)
Linked: (/tiago_public_ws/devel/.private/pal_control_msgs/share/common-lisp/ros/pal_control_msgs/msg/_package_MotionManagerActionResult.lisp, /tiago_public_ws/devel/share/common-lisp/ros/pal_control_msgs/msg/_package_MotionManagerActionResult.lisp)
Linked: (/tiago_public_ws/devel/.private/pal_control_msgs/share/common-lisp/ros/pal_control_msgs/msg/_package_OperationalSpaceGoal.lisp, /tiago_public_ws/devel/share/common-lisp/ros/pal_control_msgs/msg/_package_OperationalSpaceGoal.lisp)
Linked: (/tiago_public_ws/devel/.private/pal_control_msgs/share/common-lisp/ros/pal_control_msgs/msg/RigidBodyTrajectoryActionFeedback.lisp, /tiago_public_ws/devel/share/common-lisp/ros/pal_control_msgs/msg/RigidBodyTrajectoryActionFeedback.lisp)
Linked: (/tiago_public_ws/devel/.private/pal_control_msgs/share/common-lisp/ros/pal_control_msgs/msg/MotionManagerActionResult.lisp, /tiago_public_ws/devel/share/common-lisp/ros/pal_control_msgs/msg/MotionManagerActionResult.lisp)
Linked: (/tiago_public_ws/devel/.private/pal_control_msgs/share/common-lisp/ros/pal_control_msgs/srv/_package_CurrentLimit.lisp, /tiago_public_ws/devel/share/common-lisp/ros/pal_control_msgs/srv/_package_CurrentLimit.lisp)
Linked: (/tiago_public_ws/devel/.private/pal_control_msgs/share/common-lisp/ros/pal_control_msgs/srv/_package.lisp, /tiago_public_ws/devel/share/common-lisp/ros/pal_control_msgs/srv/_package.lisp)
Linked: (/tiago_public_ws/devel/.private/pal_control_msgs/share/common-lisp/ros/pal_control_msgs/srv/pal_control_msgs-srv.asd, /tiago_public_ws/devel/share/common-lisp/ros/pal_control_msgs/srv/pal_control_msgs-srv.asd)
Linked: (/tiago_public_ws/devel/.private/pal_control_msgs/share/common-lisp/ros/pal_control_msgs/srv/CurrentLimit.lisp, /tiago_public_ws/devel/share/common-lisp/ros/pal_control_msgs/srv/CurrentLimit.lisp)
